###############################################################################
#
# IAR C/C++ Compiler V10.30.1.6000 for 8051               19/Apr/2021  17:31:10
# Copyright 2004-2018 IAR Systems AB.
# Evaluation license - IAR Embedded Workbench for 8051, Evaluation edition 10.30
#
#    Core               =  plain
#    Code model         =  banked
#    Data model         =  large
#    Calling convention =  xdata reentrant
#    Constant location  =  data_rom
#    Dptr setup         =  1,16
#                          
#    Source file        =  
#        C:\Texas Instruments\Z-Stack 3.0.2-20210417T211827Z-001\Z-Stack
#        3.0.2\Components\osal\common\OSAL_Clock.c
#    Command line       =  
#        -f C:\users\slavko\Temp\EW1f06.tmp ("C:\Texas Instruments\Z-Stack
#        3.0.2-20210417T211827Z-001\Z-Stack
#        3.0.2\Components\osal\common\OSAL_Clock.c" -D BDB_REPORTING -D
#        SECURE=1 -D TC_LINKKEY_JOIN -D NV_INIT -D NV_RESTORE -D xPOWER_SAVING
#        -D NWK_AUTO_POLL -D xZTOOL_P1 -D xMT_TASK -D xMT_APP_FUNC -D
#        xMT_SYS_FUNC -D xMT_ZDO_FUNC -D xMT_ZDO_MGMT -D xMT_APP_CNF_FUNC -D
#        LCD_SUPPORTED=DEBUG -D MULTICAST_ENABLED=FALSE -D ZCL_READ -D
#        ZCL_DISCOVER -D ZCL_WRITE -D ZCL_BASIC -D ZCL_IDENTIFY -D ZCL_ON_OFF
#        -D ZCL_SCENES -D ZCL_GROUPS -D ZCL_LEVEL_CTRL -lC "C:\Texas
#        Instruments\Z-Stack 3.0.2-20210417T211827Z-001\Z-Stack
#        3.0.2\Projects\zstack\HomeAutomation\SampleLight\CC2530DB\EndDeviceEB\List"
#        -lA "C:\Texas Instruments\Z-Stack 3.0.2-20210417T211827Z-001\Z-Stack
#        3.0.2\Projects\zstack\HomeAutomation\SampleLight\CC2530DB\EndDeviceEB\List"
#        --diag_suppress Pe001,Pa010 -o "C:\Texas Instruments\Z-Stack
#        3.0.2-20210417T211827Z-001\Z-Stack
#        3.0.2\Projects\zstack\HomeAutomation\SampleLight\CC2530DB\EndDeviceEB\Obj"
#        -e --debug --core=plain --dptr=16,1 --data_model=large
#        --code_model=banked --calling_convention=xdata_reentrant
#        --place_constants=data_rom --nr_virtual_regs 16 -f "C:\Texas
#        Instruments\Z-Stack 3.0.2-20210417T211827Z-001\Z-Stack
#        3.0.2\Projects\zstack\HomeAutomation\SampleLight\CC2530DB\..\..\..\Tools\CC2530DB\f8wEndev.cfg"
#        (-DCPU32MHZ -DROOT=__near_func -DMAC_CFG_TX_DATA_MAX=3
#        -DMAC_CFG_TX_MAX=6 -DMAC_CFG_RX_MAX=3) -f "C:\Texas
#        Instruments\Z-Stack 3.0.2-20210417T211827Z-001\Z-Stack
#        3.0.2\Projects\zstack\HomeAutomation\SampleLight\CC2530DB\..\..\..\Tools\CC2530DB\f8wConfig.cfg"
#        (-DZIGBEEPRO -DSECURE=1 -DZG_SECURE_DYNAMIC=0 -DREFLECTOR
#        -DDEFAULT_CHANLIST=0x00000800 -DZDAPP_CONFIG_PAN_ID=0xFFFF
#        -DNWK_START_DELAY=100 -DEXTENDED_JOINING_RANDOM_MASK=0x007F
#        -DBEACON_REQUEST_DELAY=100 -DBEACON_REQ_DELAY_MASK=0x00FF
#        -DLINK_STATUS_JITTER_MASK=0x007F -DROUTE_EXPIRY_TIME=30
#        -DAPSC_ACK_WAIT_DURATION_POLLED=3000 -DNWK_INDIRECT_MSG_TIMEOUT=7
#        -DMAX_RREQ_ENTRIES=8 -DAPSC_MAX_FRAME_RETRIES=3
#        -DNWK_MAX_DATA_RETRIES=2 -DMAX_POLL_FAILURE_RETRIES=2 -DMAX_BCAST=9
#        -DAPS_MAX_GROUPS=16 -DMAX_RTG_ENTRIES=40 -DNWK_MAX_BINDING_ENTRIES=4
#        -DMAX_BINDING_CLUSTER_IDS=4 -DDEFAULT_KEY={0} -DMAC_MAX_FRAME_SIZE=116
#        -DZDNWKMGR_MIN_TRANSMISSIONS=20 "-DCONST=const __code"
#        -DGENERIC=__generic -DRFD_RCVC_ALWAYS_ON=FALSE -DPOLL_RATE=1000
#        -DQUEUED_POLL_RATE=100 -DRESPONSE_POLL_RATE=100 -DREJOIN_POLL_RATE=440
#        -DREJOIN_BACKOFF=900000 -DREJOIN_SCAN=900000 -DENABLE_LED4_DISABLE_S1)
#        -f "C:\Texas Instruments\Z-Stack 3.0.2-20210417T211827Z-001\Z-Stack
#        3.0.2\Projects\zstack\HomeAutomation\SampleLight\CC2530DB\..\..\..\Tools\CC2530DB\f8wZCL.cfg"
#        -I "C:\Texas Instruments\Z-Stack 3.0.2-20210417T211827Z-001\Z-Stack
#        3.0.2\Projects\zstack\HomeAutomation\SampleLight\CC2530DB\" -I
#        "C:\Texas Instruments\Z-Stack 3.0.2-20210417T211827Z-001\Z-Stack
#        3.0.2\Projects\zstack\HomeAutomation\SampleLight\CC2530DB\..\Source\"
#        -I "C:\Texas Instruments\Z-Stack 3.0.2-20210417T211827Z-001\Z-Stack
#        3.0.2\Projects\zstack\HomeAutomation\SampleLight\CC2530DB\..\..\Source\"
#        -I "C:\Texas Instruments\Z-Stack 3.0.2-20210417T211827Z-001\Z-Stack
#        3.0.2\Projects\zstack\HomeAutomation\SampleLight\CC2530DB\..\..\..\ZMain\TI2530DB\"
#        -I "C:\Texas Instruments\Z-Stack 3.0.2-20210417T211827Z-001\Z-Stack
#        3.0.2\Projects\zstack\HomeAutomation\SampleLight\CC2530DB\..\..\..\..\..\Components\hal\include\"
#        -I "C:\Texas Instruments\Z-Stack 3.0.2-20210417T211827Z-001\Z-Stack
#        3.0.2\Projects\zstack\HomeAutomation\SampleLight\CC2530DB\..\..\..\..\..\Components\hal\target\CC2530EB\"
#        -I "C:\Texas Instruments\Z-Stack 3.0.2-20210417T211827Z-001\Z-Stack
#        3.0.2\Projects\zstack\HomeAutomation\SampleLight\CC2530DB\..\..\..\..\..\Components\mac\include\"
#        -I "C:\Texas Instruments\Z-Stack 3.0.2-20210417T211827Z-001\Z-Stack
#        3.0.2\Projects\zstack\HomeAutomation\SampleLight\CC2530DB\..\..\..\..\..\Components\mac\high_level\"
#        -I "C:\Texas Instruments\Z-Stack 3.0.2-20210417T211827Z-001\Z-Stack
#        3.0.2\Projects\zstack\HomeAutomation\SampleLight\CC2530DB\..\..\..\..\..\Components\mac\low_level\srf04\"
#        -I "C:\Texas Instruments\Z-Stack 3.0.2-20210417T211827Z-001\Z-Stack
#        3.0.2\Projects\zstack\HomeAutomation\SampleLight\CC2530DB\..\..\..\..\..\Components\mac\low_level\srf04\single_chip\"
#        -I "C:\Texas Instruments\Z-Stack 3.0.2-20210417T211827Z-001\Z-Stack
#        3.0.2\Projects\zstack\HomeAutomation\SampleLight\CC2530DB\..\..\..\..\..\Components\mt\"
#        -I "C:\Texas Instruments\Z-Stack 3.0.2-20210417T211827Z-001\Z-Stack
#        3.0.2\Projects\zstack\HomeAutomation\SampleLight\CC2530DB\..\..\..\..\..\Components\osal\include\"
#        -I "C:\Texas Instruments\Z-Stack 3.0.2-20210417T211827Z-001\Z-Stack
#        3.0.2\Projects\zstack\HomeAutomation\SampleLight\CC2530DB\..\..\..\..\..\Components\services\saddr\"
#        -I "C:\Texas Instruments\Z-Stack 3.0.2-20210417T211827Z-001\Z-Stack
#        3.0.2\Projects\zstack\HomeAutomation\SampleLight\CC2530DB\..\..\..\..\..\Components\services\sdata\"
#        -I "C:\Texas Instruments\Z-Stack 3.0.2-20210417T211827Z-001\Z-Stack
#        3.0.2\Projects\zstack\HomeAutomation\SampleLight\CC2530DB\..\..\..\..\..\Components\stack\af\"
#        -I "C:\Texas Instruments\Z-Stack 3.0.2-20210417T211827Z-001\Z-Stack
#        3.0.2\Projects\zstack\HomeAutomation\SampleLight\CC2530DB\..\..\..\..\..\Components\stack\bdb\"
#        -I "C:\Texas Instruments\Z-Stack 3.0.2-20210417T211827Z-001\Z-Stack
#        3.0.2\Projects\zstack\HomeAutomation\SampleLight\CC2530DB\..\..\..\..\..\Components\stack\gp\"
#        -I "C:\Texas Instruments\Z-Stack 3.0.2-20210417T211827Z-001\Z-Stack
#        3.0.2\Projects\zstack\HomeAutomation\SampleLight\CC2530DB\..\..\..\..\..\Components\stack\nwk\"
#        -I "C:\Texas Instruments\Z-Stack 3.0.2-20210417T211827Z-001\Z-Stack
#        3.0.2\Projects\zstack\HomeAutomation\SampleLight\CC2530DB\..\..\..\..\..\Components\stack\sapi\"
#        -I "C:\Texas Instruments\Z-Stack 3.0.2-20210417T211827Z-001\Z-Stack
#        3.0.2\Projects\zstack\HomeAutomation\SampleLight\CC2530DB\..\..\..\..\..\Components\stack\sec\"
#        -I "C:\Texas Instruments\Z-Stack 3.0.2-20210417T211827Z-001\Z-Stack
#        3.0.2\Projects\zstack\HomeAutomation\SampleLight\CC2530DB\..\..\..\..\..\Components\stack\sys\"
#        -I "C:\Texas Instruments\Z-Stack 3.0.2-20210417T211827Z-001\Z-Stack
#        3.0.2\Projects\zstack\HomeAutomation\SampleLight\CC2530DB\..\..\..\..\..\Components\stack\zcl\"
#        -I "C:\Texas Instruments\Z-Stack 3.0.2-20210417T211827Z-001\Z-Stack
#        3.0.2\Projects\zstack\HomeAutomation\SampleLight\CC2530DB\..\..\..\..\..\Components\stack\zdo\"
#        -I "C:\Texas Instruments\Z-Stack 3.0.2-20210417T211827Z-001\Z-Stack
#        3.0.2\Projects\zstack\HomeAutomation\SampleLight\CC2530DB\..\..\..\..\..\Components\zmac\"
#        -I "C:\Texas Instruments\Z-Stack 3.0.2-20210417T211827Z-001\Z-Stack
#        3.0.2\Projects\zstack\HomeAutomation\SampleLight\CC2530DB\..\..\..\..\..\Components\zmac\f8w\"
#        -Ohz --require_prototypes)
#    Locale             =  English_USA.1252
#    List file          =  
#        C:\Texas Instruments\Z-Stack 3.0.2-20210417T211827Z-001\Z-Stack
#        3.0.2\Projects\zstack\HomeAutomation\SampleLight\CC2530DB\EndDeviceEB\List\OSAL_Clock.lst
#    Object file        =  
#        C:\Texas Instruments\Z-Stack 3.0.2-20210417T211827Z-001\Z-Stack
#        3.0.2\Projects\zstack\HomeAutomation\SampleLight\CC2530DB\EndDeviceEB\Obj\OSAL_Clock.r51
#
###############################################################################

C:\Texas Instruments\Z-Stack 3.0.2-20210417T211827Z-001\Z-Stack 3.0.2\Components\osal\common\OSAL_Clock.c
      1          /******************************************************************************
      2            Filename:       OSAL_Clock.c
      3            Revised:        $Date: 2014-06-30 16:38:56 -0700 (Mon, 30 Jun 2014) $
      4            Revision:       $Revision: 39297 $
      5          
      6            Description:    OSAL Clock definition and manipulation functions.
      7          
      8            Copyright 2008-2014 Texas Instruments Incorporated. All rights reserved.
      9          
     10            IMPORTANT: Your use of this Software is limited to those specific rights
     11            granted under the terms of a software license agreement between the user
     12            who downloaded the software, his/her employer (which must be your employer)
     13            and Texas Instruments Incorporated (the "License"). You may not use this
     14            Software unless you agree to abide by the terms of the License. The License
     15            limits your use, and you acknowledge, that the Software may not be modified,
     16            copied or distributed unless embedded on a Texas Instruments microcontroller
     17            or used solely and exclusively in conjunction with a Texas Instruments radio
     18            frequency transceiver, which is integrated into your product. Other than for
     19            the foregoing purpose, you may not use, reproduce, copy, prepare derivative
     20            works of, modify, distribute, perform, display or sell this Software and/or
     21            its documentation for any purpose.
     22          
     23            YOU FURTHER ACKNOWLEDGE AND AGREE THAT THE SOFTWARE AND DOCUMENTATION ARE
     24            PROVIDED “AS IS” WITHOUT WARRANTY OF ANY KIND, EITHER EXPRESS OR IMPLIED,
     25            INCLUDING WITHOUT LIMITATION, ANY WARRANTY OF MERCHANTABILITY, TITLE,
     26            NON-INFRINGEMENT AND FITNESS FOR A PARTICULAR PURPOSE. IN NO EVENT SHALL
     27            TEXAS INSTRUMENTS OR ITS LICENSORS BE LIABLE OR OBLIGATED UNDER CONTRACT,
     28            NEGLIGENCE, STRICT LIABILITY, CONTRIBUTION, BREACH OF WARRANTY, OR OTHER
     29            LEGAL EQUITABLE THEORY ANY DIRECT OR INDIRECT DAMAGES OR EXPENSES
     30            INCLUDING BUT NOT LIMITED TO ANY INCIDENTAL, SPECIAL, INDIRECT, PUNITIVE
     31            OR CONSEQUENTIAL DAMAGES, LOST PROFITS OR LOST DATA, COST OF PROCUREMENT
     32            OF SUBSTITUTE GOODS, TECHNOLOGY, SERVICES, OR ANY CLAIMS BY THIRD PARTIES
     33            (INCLUDING BUT NOT LIMITED TO ANY DEFENSE THEREOF), OR OTHER SIMILAR COSTS.
     34          
     35            Should you have any questions regarding your right to use this Software,
     36            contact Texas Instruments Incorporated at www.TI.com.
     37          ******************************************************************************/
     38          
     39          /*********************************************************************
     40           * INCLUDES
     41           */
     42          
     43          #include "comdef.h"
     44          #include "hal_board.h"

   \                                 In  segment SFR_AN, at 0xa8
   \   union <unnamed> volatile __sfr _A_IEN0
   \                     _A_IEN0:
   \   000000                DS 1
     45          #include "OnBoard.h"
     46          #include "OSAL.h"
     47          #include "OSAL_Clock.h"
     48          
     49          /*********************************************************************
     50           * MACROS
     51           */
     52          
     53          #define	YearLength(yr)	((uint16)(IsLeapYear(yr) ? 366 : 365))
     54          
     55          /*********************************************************************
     56           * CONSTANTS
     57           */
     58          
     59          #define	BEGYEAR  2000     //  UTC started at 00:00:00 January 1, 2000
     60          
     61          #define	DAY      86400UL  // 24 hours * 60 minutes * 60 seconds
     62          
     63          /* Check Below for an explanation */
     64          #define COUNTER_TICK320US 204775UL 
     65          
     66          /* converted COUNTER_TICK320US from 320us ticks to ms */
     67          #define COUNTER_ELAPSEDMS 65528UL   
     68          
     69          /* 
     70           * Each tick is 320us so a value greater than 3 implies 
     71           * that atleast one millisecond has elapsed 320us*4 > 1 ms 
     72           */
     73          #define TIMER_CLOCK_UPDATE 4 
     74                                            
     75          /*********************************************************************
     76           * TYPEDEFS
     77           */
     78          
     79          /*********************************************************************
     80           * GLOBAL VARIABLES
     81           */
     82          
     83          /*********************************************************************
     84           * EXTERNAL VARIABLES
     85           */
     86          
     87          /*********************************************************************
     88           * EXTERNAL FUNCTIONS
     89           */
     90          extern uint32 macMcuPrecisionCount(void);
     91          
     92          #if (defined HAL_MCU_CC2430) || (defined HAL_MCU_CC2530) || (defined HAL_MCU_CC2533)
     93          
     94            /*  This function is used to divide a 31 bit dividend by a 16 bit
     95             *  divisor and return a packed 16 bit quotient and 16 bit
     96             *  remainder.
     97             *
     98             *  Note: This routine takes ~25.6us @32MHz. With C overhead, the
     99             *        time is ~32us.
    100             *
    101             *  dividend - 31 bit dividend.
    102             *  divisor - 16 bit divisor.
    103             *
    104             *  return - MSW divisor; LSW quotient
    105             */
    106            extern __near_func uint32 osalMcuDivide31By16To16( uint32 dividend, uint16 divisor );
    107          
    108            #define CONVERT_320US_TO_MS_ELAPSED_REMAINDER( x, y, z ) st( \
    109                                                                         \
    110              /* The 16 bit quotient is in MSW and */                    \
    111              /* the 16 bit remainder is in LSW. */                      \
    112              x = osalMcuDivide31By16To16( x, 25 );                      \
    113                                                                         \
    114              /* Add quotient to y */                                    \
    115              y += (x >> 16);                                            \
    116                                                                         \
    117              /* Copy remainder to z */                                  \
    118              z = (uint16)(x & 0x0FFFF);                                 \
    119            )
    120            
    121            #define CONVERT_MS_TO_S_ELAPSED_REMAINDER( x, y, z ) st(     \
    122                                                                         \
    123              /* The 16 bit quotient is in MSW and */                    \
    124              /* the 16 bit remainder is in LSW. */                      \
    125              x = osalMcuDivide31By16To16( x, 1000 );                    \
    126                                                                         \
    127              /* Add quotient to y */                                    \
    128              y += (x >> 16);                                            \
    129                                                                         \
    130              /* Copy remainder to z */                                  \
    131              z = (uint16)(x & 0x0FFFF);                                 \
    132            )
    133          
    134          #else /* (defined HAL_MCU_CC2430) || (defined HAL_MCU_CC2530) || (defined HAL_MCU_CC2533) */
    135          
    136            #define CONVERT_320US_TO_MS_ELAPSED_REMAINDER( x, y, z ) st( \
    137              y += x / 25;                                               \
    138              z = x % 25;                                                \
    139            )
    140            
    141            #define CONVERT_MS_TO_S_ELAPSED_REMAINDER( x, y, z ) st(     \
    142              y += x / 1000;                                             \
    143              z = x % 1000;                                              \
    144            )
    145          #endif /* (defined HAL_MCU_CC2430) || (defined HAL_MCU_CC2530) || (defined HAL_MCU_CC2533) */
    146          
    147          /*********************************************************************
    148           * LOCAL VARIABLES
    149           */
    150          #ifndef USE_ICALL

   \                                 In  segment XDATA_Z, align 1, keep-with-next
    151            static uint32 previousMacTimerTick = 0;
   \                     previousMacTimerTick:
   \   000000                DS 4
   \   000004                REQUIRE __INIT_XDATA_Z

   \                                 In  segment XDATA_Z, align 1, keep-with-next
    152            static uint16 remUsTicks = 0;
   \                     remUsTicks:
   \   000000                DS 2
   \   000002                REQUIRE __INIT_XDATA_Z
    153          #endif /* !USE_ICALL */
    154            

   \                                 In  segment XDATA_Z, align 1, keep-with-next
    155          static uint32 timeMSec = 0;
   \                     timeMSec:
   \   000000                DS 4
   \   000004                REQUIRE __INIT_XDATA_Z
    156          
    157          // number of seconds since 0 hrs, 0 minutes, 0 seconds, on the
    158          // 1st of January 2000 UTC

   \                                 In  segment XDATA_Z, align 1, keep-with-next
    159          UTCTime OSAL_timeSeconds = 0;
   \                     OSAL_timeSeconds:
   \   000000                DS 4
   \   000004                REQUIRE __INIT_XDATA_Z
    160          
    161          /*********************************************************************
    162           * LOCAL FUNCTION PROTOTYPES
    163           */
    164          static uint8 monthLength( uint8 lpyr, uint8 mon );
    165          
    166          static void osalClockUpdate( uint32 elapsedMSec );
    167          
    168          /*********************************************************************
    169           * FUNCTIONS
    170           *********************************************************************/
    171          
    172          /*********************************************************************
    173           * @fn      osalTimeUpdate
    174           *
    175           * @brief   Uses the free running rollover count of the MAC backoff timer;
    176           *          this timer runs freely with a constant 320 usec interval.  The
    177           *          count of 320-usec ticks is converted to msecs and used to update
    178           *          the OSAL clock and Timers by invoking osalClockUpdate() and
    179           *          osalTimerUpdate().  This function is intended to be invoked
    180           *          from the background, not interrupt level.
    181           *
    182           * @param   None.
    183           *
    184           * @return  None.
    185           */

   \                                 In  segment BANKED_CODE, align 1, keep-with-next
    186          void osalTimeUpdate( void )
   \                     osalTimeUpdate:
    187          {
   \   000000                REQUIRE ?V0
   \   000000                REQUIRE ?V1
   \   000000                REQUIRE ?V2
   \   000000                REQUIRE ?V3
   \   000000                REQUIRE ?V4
   \   000000                REQUIRE ?V5
   \   000000                REQUIRE ?V6
   \   000000                REQUIRE ?V7
   \   000000                REQUIRE ?V8
   \   000000                REQUIRE ?V9
   \   000000                REQUIRE ?V10
   \   000000                REQUIRE ?V11
   \   000000   74EC         MOV       A,#-0x14
   \   000002   12....       LCALL     ?BANKED_ENTER_XDATA
   \   000005                ; Saved register size: 20
   \   000005                ; Auto size: 0
    188          #ifndef USE_ICALL
    189            /* Note that when ICall is in use the OSAL tick is not updated
    190             * in this fashion but rather through real OS timer tick. */
    191            halIntState_t intState;
    192            uint32 tmp;
    193            uint32 ticks320us;
    194            uint32 elapsedMSec = 0;
   \   000005   75..00       MOV       ?V4,#0x0
   \   000008   75..00       MOV       ?V5,#0x0
   \   00000B   75..00       MOV       ?V6,#0x0
   \   00000E   75..00       MOV       ?V7,#0x0
    195          
    196            HAL_ENTER_CRITICAL_SECTION(intState);
   \   000011   AEA8         MOV       R6,0xa8+0x0
   \   000013   C2AF         CLR       0xa8.7
    197            // Get the free-running count of 320us timer ticks
    198            tmp = macMcuPrecisionCount();
   \   000015                ; Setup parameters for call to function macMcuPrecisionCount
   \   000015   12....       LCALL     `??macMcuPrecisionCount::?relay`; Banked call to: macMcuPrecisionCount
   \   000018   8A..         MOV       ?V0,R2
   \   00001A   8B..         MOV       ?V1,R3
   \   00001C   8C..         MOV       ?V2,R4
   \   00001E   8D..         MOV       ?V3,R5
    199            HAL_EXIT_CRITICAL_SECTION(intState);
   \   000020   EE           MOV       A,R6
   \   000021   A2E7         MOV       C,0xE0 /* A   */.7
   \   000023   92AF         MOV       0xa8.7,C
    200            
    201            if ( tmp != previousMacTimerTick )
   \   000025   90....       MOV       DPTR,#previousMacTimerTick
   \   000028   78..         MOV       R0,#?V0
   \   00002A   12....       LCALL     ?L_EQ_X
   \   00002D   7003         JNZ       $+5
   \   00002F   02....       LJMP      ??osalTimeUpdate_0 & 0xFFFF
    202            {
    203              // Calculate the elapsed ticks of the free-running timer.
    204              ticks320us = (tmp - previousMacTimerTick) & 0xffffffffu;
   \   000032   8A..         MOV       ?V8,R2
   \   000034   8B..         MOV       ?V9,R3
   \   000036   8C..         MOV       ?V10,R4
   \   000038   8D..         MOV       ?V11,R5
   \   00003A   90....       MOV       DPTR,#previousMacTimerTick
   \   00003D   78..         MOV       R0,#?V8
   \   00003F   12....       LCALL     ?L_SUB_X
    205          
    206              if (ticks320us >= TIMER_CLOCK_UPDATE )
   \   000042   90....       MOV       DPTR,#__Constant_4
   \   000045   78..         MOV       R0,#?V8
   \   000047   12....       LCALL     ?UL_GE_X
   \   00004A   4003         JC        $+5
   \   00004C   02....       LJMP      ??osalTimeUpdate_0 & 0xFFFF
    207              {
    208                // Store the MAC Timer tick count for the next time through this function.
    209                previousMacTimerTick = tmp;
   \   00004F   90....       MOV       DPTR,#previousMacTimerTick
   \   000052   78..         MOV       R0,#?V0
   \   000054   12....       LCALL     ?L_MOV_TO_X
   \   000057   8010         SJMP      ??osalTimeUpdate_1
    210                
    211                /*
    212                 * remUsTicks can have a maximum value of 24 (Since remusTicks got by mod 
    213                 * of 25). The value of COUNTER_TICK320US is a multiple of 25 and the 
    214                 * quotient of  CONVERT_320US_TO_MS_ELAPSED_REMAINDER() does not exceed 
    215                 * 0xFFFF or 16 bit.
    216                 */
    217                while(ticks320us >= COUNTER_TICK320US)
    218                {
    219                  ticks320us  -= COUNTER_TICK320US;
   \                     ??osalTimeUpdate_2:
   \   000059   90....       MOV       DPTR,#__Constant_fffce019
   \   00005C   78..         MOV       R0,#?V8
   \   00005E   12....       LCALL     ?L_ADD_X
    220                  elapsedMSec += COUNTER_ELAPSEDMS;
   \   000061   90....       MOV       DPTR,#__Constant_fff8
   \   000064   78..         MOV       R0,#?V4
   \   000066   12....       LCALL     ?L_ADD_X
    221                }
   \                     ??osalTimeUpdate_1:
   \   000069   90....       MOV       DPTR,#__Constant_31fe7
   \   00006C   78..         MOV       R0,#?V8
   \   00006E   12....       LCALL     ?UL_GE_X
   \   000071   40E6         JC        ??osalTimeUpdate_2
    222              
    223                // update converted number with remaining ticks from loop and the
    224                // accumulated remainder from loop
    225                tmp = (ticks320us * 8) + remUsTicks;
    226          
    227                // Convert the 320 us ticks into milliseconds and a remainder
    228                CONVERT_320US_TO_MS_ELAPSED_REMAINDER( tmp, elapsedMSec, remUsTicks );
   \   000073                ; Setup parameters for call to function osalMcuDivide31By16To16
   \   000073   75..19       MOV       ?V0,#0x19
   \   000076   75..00       MOV       ?V1,#0x0
   \   000079   78..         MOV       R0,#?V0
   \   00007B   12....       LCALL     ?PUSH_XSTACK_I_TWO
   \   00007E   7403         MOV       A,#0x3
   \   000080   78..         MOV       R0,#?V8
   \   000082   12....       LCALL     ?L_SHL
   \   000085   90....       MOV       DPTR,#remUsTicks
   \   000088   E0           MOVX      A,@DPTR
   \   000089   F5..         MOV       ?V0,A
   \   00008B   A3           INC       DPTR
   \   00008C   E0           MOVX      A,@DPTR
   \   00008D   F5..         MOV       ?V1,A
   \   00008F   E4           CLR       A
   \   000090   F5..         MOV       ?V2,A
   \   000092   F5..         MOV       ?V3,A
   \   000094   78..         MOV       R0,#?V8
   \   000096   79..         MOV       R1,#?V0
   \   000098   12....       LCALL     ?L_ADD
   \   00009B   AA..         MOV       R2,?V8
   \   00009D   AB..         MOV       R3,?V9
   \   00009F   AC..         MOV       R4,?V10
   \   0000A1   AD..         MOV       R5,?V11
   \   0000A3   12....       LCALL     osalMcuDivide31By16To16 & 0xFFFF
   \   0000A6   7402         MOV       A,#0x2
   \   0000A8   12....       LCALL     ?DEALLOC_XSTACK8
   \   0000AB   8A..         MOV       ?V8,R2
   \   0000AD   8B..         MOV       ?V9,R3
   \   0000AF   8C..         MOV       ?V10,R4
   \   0000B1   8D..         MOV       ?V11,R5
   \   0000B3   7410         MOV       A,#0x10
   \   0000B5   78..         MOV       R0,#?V8
   \   0000B7   12....       LCALL     ?UL_SHR
   \   0000BA   78..         MOV       R0,#?V4
   \   0000BC   79..         MOV       R1,#?V8
   \   0000BE   12....       LCALL     ?L_ADD
   \   0000C1   90....       MOV       DPTR,#remUsTicks
   \   0000C4   EA           MOV       A,R2
   \   0000C5   F0           MOVX      @DPTR,A
   \   0000C6   A3           INC       DPTR
   \   0000C7   EB           MOV       A,R3
   \   0000C8   F0           MOVX      @DPTR,A
    229                
    230                // Update OSAL Clock and Timers
    231                osalClockUpdate( elapsedMSec );
   \   0000C9   A2AF         MOV       C,0xa8.7
   \   0000CB   E4           CLR       A
   \   0000CC   33           RLC       A
   \   0000CD   FE           MOV       R6,A
   \   0000CE   C2AF         CLR       0xa8.7
   \   0000D0   90....       MOV       DPTR,#timeMSec
   \   0000D3   78..         MOV       R0,#?V4
   \   0000D5   12....       LCALL     ?L_ADD_TO_X
   \   0000D8   90....       MOV       DPTR,#__Constant_3e8
   \   0000DB   78..         MOV       R0,#?V0
   \   0000DD   12....       LCALL     ?L_MOV_X
   \   0000E0   90....       MOV       DPTR,#timeMSec
   \   0000E3   78..         MOV       R0,#?V0
   \   0000E5   12....       LCALL     ?UL_GT_X
   \   0000E8   4041         JC        ??osalTimeUpdate_3
   \   0000EA                ; Setup parameters for call to function osalMcuDivide31By16To16
   \   0000EA   75..E8       MOV       ?V0,#-0x18
   \   0000ED   75..03       MOV       ?V1,#0x3
   \   0000F0   78..         MOV       R0,#?V0
   \   0000F2   12....       LCALL     ?PUSH_XSTACK_I_TWO
   \   0000F5   90....       MOV       DPTR,#timeMSec
   \   0000F8   12....       LCALL     ?XLOAD_R2345
   \   0000FB   12....       LCALL     osalMcuDivide31By16To16 & 0xFFFF
   \   0000FE   7402         MOV       A,#0x2
   \   000100   12....       LCALL     ?DEALLOC_XSTACK8
   \   000103   8A..         MOV       ?V8,R2
   \   000105   8B..         MOV       ?V9,R3
   \   000107   8A..         MOV       ?V0,R2
   \   000109   8B..         MOV       ?V1,R3
   \   00010B   8C..         MOV       ?V2,R4
   \   00010D   8D..         MOV       ?V3,R5
   \   00010F   7410         MOV       A,#0x10
   \   000111   78..         MOV       R0,#?V0
   \   000113   12....       LCALL     ?UL_SHR
   \   000116   90....       MOV       DPTR,#OSAL_timeSeconds
   \   000119   78..         MOV       R0,#?V0
   \   00011B   12....       LCALL     ?L_ADD_TO_X
   \   00011E   A8..         MOV       R0,?V8
   \   000120   A9..         MOV       R1,?V9
   \   000122   E4           CLR       A
   \   000123   FA           MOV       R2,A
   \   000124   FB           MOV       R3,A
   \   000125   90....       MOV       DPTR,#timeMSec
   \   000128   12....       LCALL     ?XSTORE_R0123
   \                     ??osalTimeUpdate_3:
   \   00012B   EE           MOV       A,R6
   \   00012C   A2E0         MOV       C,0xE0 /* A   */.0
   \   00012E   92AF         MOV       0xa8.7,C
    232                osalTimerUpdate( elapsedMSec );
   \   000130                ; Setup parameters for call to function osalTimerUpdate
   \   000130   AA..         MOV       R2,?V4
   \   000132   AB..         MOV       R3,?V5
   \   000134   AC..         MOV       R4,?V6
   \   000136   AD..         MOV       R5,?V7
   \   000138   12....       LCALL     `??osalTimerUpdate::?relay`; Banked call to: osalTimerUpdate
    233              }
    234            }
    235          #endif /* USE_ICALL */
    236          }
   \                     ??osalTimeUpdate_0:
   \   00013B                REQUIRE ?Subroutine0
   \   00013B                REQUIRE _A_IEN0
   \   00013B                ; // Fall through to label ?Subroutine0

   \                                 In  segment BANKED_CODE, align 1, keep-with-next
   \                     ?Subroutine0:
   \   000000   7F0C         MOV       R7,#0xc
   \   000002   02....       LJMP      ?BANKED_LEAVE_XDATA
    237          
    238          /*********************************************************************
    239           * @fn      osalClockUpdate
    240           *
    241           * @brief   Updates the OSAL Clock time with elapsed milliseconds.
    242           *
    243           * @param   elapsedMSec - elapsed milliseconds
    244           *
    245           * @return  none
    246           */
    247          static void osalClockUpdate( uint32 elapsedMSec )
    248          {
    249            uint32 tmp;
    250            halIntState_t intState;
    251            
    252            HAL_ENTER_CRITICAL_SECTION(intState);
    253            // Add elapsed milliseconds to the saved millisecond portion of time
    254            timeMSec += elapsedMSec;
    255          
    256            // Roll up milliseconds to the number of seconds
    257            if ( timeMSec >= 1000 )
    258            {
    259              tmp = timeMSec;
    260              CONVERT_MS_TO_S_ELAPSED_REMAINDER(tmp, OSAL_timeSeconds, timeMSec);
    261            }
    262            HAL_EXIT_CRITICAL_SECTION(intState);
    263          }
    264          
    265          #if defined HAL_BOARD_CC2538 || defined USE_ICALL
    266          /*********************************************************************
    267           * @fn      osalAdjustTimer
    268           *
    269           * @brief   Updates the OSAL Clock and Timer with elapsed milliseconds.
    270           *
    271           * @param   MSec - elapsed milliseconds
    272           *
    273           * @return  none
    274           */
    275          void osalAdjustTimer(uint32 Msec )
    276          {
    277            /* Disable SysTick interrupts */ 
    278            SysTickIntDisable(); 
    279            
    280            osalClockUpdate(Msec);
    281            osalTimerUpdate(Msec);
    282            
    283            /* Enable SysTick interrupts */ 
    284            SysTickIntEnable(); 
    285          }
    286          #endif /* HAL_BOARD_CC2538 || USE_ICALL */
    287          
    288          /*********************************************************************
    289           * @fn      osal_setClock
    290           *
    291           * @brief   Set the new time.  This will only set the seconds portion
    292           *          of time and doesn't change the factional second counter.
    293           *
    294           * @param   newTime - number of seconds since 0 hrs, 0 minutes,
    295           *                    0 seconds, on the 1st of January 2000 UTC
    296           *
    297           * @return  none
    298           */

   \                                 In  segment BANKED_CODE, align 1, keep-with-next
    299          void osal_setClock( UTCTime newTime )
   \                     osal_setClock:
    300          {
   \   000000                REQUIRE ?V0
   \   000000                REQUIRE ?V1
   \   000000                REQUIRE ?V2
   \   000000                REQUIRE ?V3
   \   000000   74F4         MOV       A,#-0xc
   \   000002   12....       LCALL     ?BANKED_ENTER_XDATA
   \   000005                ; Saved register size: 12
   \   000005                ; Auto size: 0
   \   000005   8A..         MOV       ?V0,R2
   \   000007   8B..         MOV       ?V1,R3
   \   000009   8C..         MOV       ?V2,R4
   \   00000B   8D..         MOV       ?V3,R5
    301            HAL_CRITICAL_STATEMENT(OSAL_timeSeconds = newTime);
   \   00000D   A9A8         MOV       R1,0xa8+0x0
   \   00000F   C2AF         CLR       0xa8.7
   \   000011   90....       MOV       DPTR,#OSAL_timeSeconds
   \   000014   78..         MOV       R0,#?V0
   \   000016   12....       LCALL     ?L_MOV_TO_X
   \   000019   E9           MOV       A,R1
   \   00001A   A2E7         MOV       C,0xE0 /* A   */.7
   \   00001C   92AF         MOV       0xa8.7,C
    302          }
   \   00001E   7F04         MOV       R7,#0x4
   \   000020   02....       LJMP      ?BANKED_LEAVE_XDATA
   \   000023                REQUIRE _A_IEN0
    303          
    304          /*********************************************************************
    305           * @fn      osal_getClock
    306           *
    307           * @brief   Gets the current time.  This will only return the seconds
    308           *          portion of time and doesn't include the factional second
    309           *          counter.
    310           *
    311           * @param   none
    312           *
    313           * @return  number of seconds since 0 hrs, 0 minutes, 0 seconds,
    314           *          on the 1st of January 2000 UTC
    315           */

   \                                 In  segment BANKED_CODE, align 1, keep-with-next
    316          UTCTime osal_getClock( void )
   \                     osal_getClock:
    317          {
   \   000000   C082         PUSH      DPL
   \   000002   C083         PUSH      DPH
   \   000004                ; Saved register size: 2
   \   000004                ; Auto size: 0
    318            return ( OSAL_timeSeconds );
   \   000004   90....       MOV       DPTR,#OSAL_timeSeconds
   \   000007   12....       LCALL     ?XLOAD_R2345
   \   00000A   D083         POP       DPH
   \   00000C   D082         POP       DPL
   \   00000E   02....       LJMP      ?BRET
    319          }
    320          
    321          /*********************************************************************
    322           * @fn      osal_ConvertUTCTime
    323           *
    324           * @brief   Converts UTCTime to UTCTimeStruct
    325           *
    326           * @param   tm - pointer to breakdown struct
    327           *
    328           * @param   secTime - number of seconds since 0 hrs, 0 minutes,
    329           *          0 seconds, on the 1st of January 2000 UTC
    330           *
    331           * @return  none
    332           */

   \                                 In  segment BANKED_CODE, align 1, keep-with-next
    333          void osal_ConvertUTCTime( UTCTimeStruct *tm, UTCTime secTime )
   \                     osal_ConvertUTCTime:
    334          {
   \   000000                REQUIRE ?V0
   \   000000                REQUIRE ?V1
   \   000000                REQUIRE ?V2
   \   000000                REQUIRE ?V3
   \   000000                REQUIRE ?V4
   \   000000                REQUIRE ?V5
   \   000000                REQUIRE ?V6
   \   000000                REQUIRE ?V7
   \   000000                REQUIRE ?V8
   \   000000                REQUIRE ?V9
   \   000000                REQUIRE ?V10
   \   000000                REQUIRE ?V11
   \   000000                REQUIRE ?V12
   \   000000                REQUIRE ?V13
   \   000000                REQUIRE ?V14
   \   000000                REQUIRE ?V15
   \   000000   74E8         MOV       A,#-0x18
   \   000002   12....       LCALL     ?BANKED_ENTER_XDATA
   \   000005                ; Saved register size: 24
   \   000005                ; Auto size: 2
   \   000005   74FE         MOV       A,#-0x2
   \   000007   12....       LCALL     ?ALLOC_XSTACK8
   \   00000A   85..82       MOV       DPL,?XSP + 0
   \   00000D   85..83       MOV       DPH,?XSP + 1
   \   000010   EA           MOV       A,R2
   \   000011   F0           MOVX      @DPTR,A
   \   000012   A3           INC       DPTR
   \   000013   EB           MOV       A,R3
   \   000014   F0           MOVX      @DPTR,A
   \   000015   741A         MOV       A,#0x1a
   \   000017   12....       LCALL     ?XSTACK_DISP0_8
   \   00001A   78..         MOV       R0,#?V4
   \   00001C   12....       LCALL     ?L_MOV_X
    335            // calculate the time less than a day - hours, minutes, seconds
    336            {
    337              uint32 day = secTime % DAY;
   \   00001F   85....       MOV       ?V0,?V4
   \   000022   85....       MOV       ?V1,?V5
   \   000025   85....       MOV       ?V2,?V6
   \   000028   85....       MOV       ?V3,?V7
   \   00002B   90....       MOV       DPTR,#__Constant_15180
   \   00002E   78..         MOV       R0,#?V8
   \   000030   12....       LCALL     ?L_MOV_X
   \   000033   78..         MOV       R0,#?V0
   \   000035   79..         MOV       R1,#?V8
   \   000037   12....       LCALL     ?UL_DIV_MOD
    338              tm->seconds = day % 60UL;
   \   00003A   85....       MOV       ?V12,?V8
   \   00003D   85....       MOV       ?V13,?V9
   \   000040   85....       MOV       ?V14,?V10
   \   000043   85....       MOV       ?V15,?V11
   \   000046   90....       MOV       DPTR,#__Constant_3c
   \   000049   78..         MOV       R0,#?V0
   \   00004B   12....       LCALL     ?L_MOV_X
   \   00004E   78..         MOV       R0,#?V12
   \   000050   79..         MOV       R1,#?V0
   \   000052   12....       LCALL     ?UL_DIV_MOD
   \   000055   12....       LCALL     ?Subroutine5 & 0xFFFF
   \                     ??CrossCallReturnLabel_6:
   \   000058   E5..         MOV       A,?V0
   \   00005A   F0           MOVX      @DPTR,A
    339              tm->minutes = (day % 3600UL) / 60UL;
   \   00005B   85....       MOV       ?V12,?V8
   \   00005E   85....       MOV       ?V13,?V9
   \   000061   85....       MOV       ?V14,?V10
   \   000064   85....       MOV       ?V15,?V11
   \   000067   90....       MOV       DPTR,#__Constant_e10
   \   00006A   78..         MOV       R0,#?V0
   \   00006C   12....       LCALL     ?L_MOV_X
   \   00006F   78..         MOV       R0,#?V12
   \   000071   79..         MOV       R1,#?V0
   \   000073   12....       LCALL     ?UL_DIV_MOD
   \   000076   90....       MOV       DPTR,#__Constant_3c
   \   000079   78..         MOV       R0,#?V12
   \   00007B   12....       LCALL     ?L_MOV_X
   \   00007E   78..         MOV       R0,#?V0
   \   000080   79..         MOV       R1,#?V12
   \   000082   12....       LCALL     ?UL_DIV_MOD
   \   000085   12....       LCALL     ?Subroutine5 & 0xFFFF
   \                     ??CrossCallReturnLabel_7:
   \   000088   A3           INC       DPTR
   \   000089   E5..         MOV       A,?V0
   \   00008B   F0           MOVX      @DPTR,A
    340              tm->hour = day / 3600UL;
   \   00008C   90....       MOV       DPTR,#__Constant_e10
   \   00008F   78..         MOV       R0,#?V0
   \   000091   12....       LCALL     ?L_MOV_X
   \   000094   78..         MOV       R0,#?V8
   \   000096   79..         MOV       R1,#?V0
   \   000098   12....       LCALL     ?UL_DIV_MOD
   \   00009B   12....       LCALL     ?Subroutine3 & 0xFFFF
    341            }
   \                     ??CrossCallReturnLabel_2:
   \   00009E   E5..         MOV       A,?V8
   \   0000A0   F0           MOVX      @DPTR,A
    342          
    343            // Fill in the calendar - day, month, year
    344            {
    345              uint16 numDays = secTime / DAY;
   \   0000A1   90....       MOV       DPTR,#__Constant_15180
   \   0000A4   78..         MOV       R0,#?V0
   \   0000A6   12....       LCALL     ?L_MOV_X
   \   0000A9   78..         MOV       R0,#?V4
   \   0000AB   79..         MOV       R1,#?V0
   \   0000AD   12....       LCALL     ?UL_DIV_MOD
   \   0000B0   AE..         MOV       R6,?V4
   \   0000B2   AF..         MOV       R7,?V5
    346              tm->year = BEGYEAR;
   \   0000B4   85..82       MOV       DPL,?XSP + 0
   \   0000B7   85..83       MOV       DPH,?XSP + 1
   \   0000BA   E0           MOVX      A,@DPTR
   \   0000BB   2405         ADD       A,#0x5
   \   0000BD   F5..         MOV       ?V0,A
   \   0000BF   A3           INC       DPTR
   \   0000C0   E0           MOVX      A,@DPTR
   \   0000C1   3400         ADDC      A,#0x0
   \   0000C3   F5..         MOV       ?V1,A
   \   0000C5   85..82       MOV       DPL,?V0
   \   0000C8   F583         MOV       DPH,A
   \   0000CA   74D0         MOV       A,#-0x30
   \   0000CC   F0           MOVX      @DPTR,A
   \   0000CD   A3           INC       DPTR
   \   0000CE   7407         MOV       A,#0x7
   \   0000D0   8018         SJMP      ??osal_ConvertUTCTime_0
    347              while ( numDays >= YearLength( tm->year ) )
    348              {
    349                numDays -= YearLength( tm->year );
   \                     ??osal_ConvertUTCTime_1:
   \   0000D2   786D         MOV       R0,#0x6d
   \                     ??osal_ConvertUTCTime_2:
   \   0000D4   C3           CLR       C
   \   0000D5   EE           MOV       A,R6
   \   0000D6   98           SUBB      A,R0
   \   0000D7   FE           MOV       R6,A
   \   0000D8   EF           MOV       A,R7
   \   0000D9   9401         SUBB      A,#0x1
   \   0000DB   FF           MOV       R7,A
    350                tm->year++;
   \   0000DC   85..82       MOV       DPL,?V0
   \   0000DF   85..83       MOV       DPH,?V1
   \   0000E2   E0           MOVX      A,@DPTR
   \   0000E3   2401         ADD       A,#0x1
   \   0000E5   F0           MOVX      @DPTR,A
   \   0000E6   A3           INC       DPTR
   \   0000E7   E0           MOVX      A,@DPTR
   \   0000E8   3400         ADDC      A,#0x0
   \                     ??osal_ConvertUTCTime_0:
   \   0000EA   12....       LCALL     ?Subroutine1 & 0xFFFF
   \                     ??CrossCallReturnLabel_10:
   \   0000ED   12....       LCALL     ?US_DIV_MOD
   \   0000F0   8A..         MOV       ?V2,R2
   \   0000F2   8B..         MOV       ?V3,R3
   \   0000F4   EA           MOV       A,R2
   \   0000F5   4B           ORL       A,R3
   \   0000F6   6014         JZ        ??osal_ConvertUTCTime_3
   \   0000F8   EC           MOV       A,R4
   \   0000F9   F8           MOV       R0,A
   \   0000FA   ED           MOV       A,R5
   \   0000FB   F9           MOV       R1,A
   \   0000FC   7A64         MOV       R2,#0x64
   \   0000FE   7B00         MOV       R3,#0x0
   \   000100   12....       LCALL     ?US_DIV_MOD
   \   000103   EA           MOV       A,R2
   \   000104   4B           ORL       A,R3
   \   000105   6009         JZ        ??osal_ConvertUTCTime_4
   \   000107   EC           MOV       A,R4
   \   000108   5403         ANL       A,#0x3
   \   00010A   7004         JNZ       ??osal_ConvertUTCTime_4
   \                     ??osal_ConvertUTCTime_3:
   \   00010C   786E         MOV       R0,#0x6e
   \   00010E   8002         SJMP      ??osal_ConvertUTCTime_5
   \                     ??osal_ConvertUTCTime_4:
   \   000110   786D         MOV       R0,#0x6d
   \                     ??osal_ConvertUTCTime_5:
   \   000112   EE           MOV       A,R6
   \   000113   98           SUBB      A,R0
   \   000114   EF           MOV       A,R7
   \   000115   9401         SUBB      A,#0x1
   \   000117   401E         JC        ??osal_ConvertUTCTime_6
   \   000119   E5..         MOV       A,?V2
   \   00011B   45..         ORL       A,?V3
   \   00011D   6014         JZ        ??osal_ConvertUTCTime_7
   \   00011F   EC           MOV       A,R4
   \   000120   F8           MOV       R0,A
   \   000121   ED           MOV       A,R5
   \   000122   F9           MOV       R1,A
   \   000123   7A64         MOV       R2,#0x64
   \   000125   7B00         MOV       R3,#0x0
   \   000127   12....       LCALL     ?US_DIV_MOD
   \   00012A   EA           MOV       A,R2
   \   00012B   4B           ORL       A,R3
   \   00012C   60A4         JZ        ??osal_ConvertUTCTime_1
   \   00012E   EC           MOV       A,R4
   \   00012F   5403         ANL       A,#0x3
   \   000131   709F         JNZ       ??osal_ConvertUTCTime_1
   \                     ??osal_ConvertUTCTime_7:
   \   000133   786E         MOV       R0,#0x6e
   \   000135   809D         SJMP      ??osal_ConvertUTCTime_2
    351              }
    352          
    353              tm->month = 0;
   \                     ??osal_ConvertUTCTime_6:
   \   000137   85..82       MOV       DPL,?XSP + 0
   \   00013A   85..83       MOV       DPH,?XSP + 1
   \   00013D   E0           MOVX      A,@DPTR
   \   00013E   2404         ADD       A,#0x4
   \   000140   F5..         MOV       ?V2,A
   \   000142   A3           INC       DPTR
   \   000143   E0           MOVX      A,@DPTR
   \   000144   3400         ADDC      A,#0x0
   \   000146   F5..         MOV       ?V3,A
   \   000148   85..82       MOV       DPL,?V2
   \   00014B   F583         MOV       DPH,A
   \   00014D   E4           CLR       A
   \   00014E   8012         SJMP      ??osal_ConvertUTCTime_8
    354              while ( numDays >= monthLength( IsLeapYear( tm->year ), tm->month ) )
    355              {
    356                numDays -= monthLength( IsLeapYear( tm->year ), tm->month );
   \                     ??osal_ConvertUTCTime_9:
   \   000150   7900         MOV       R1,#0x0
   \                     ??osal_ConvertUTCTime_10:
   \   000152                ; Setup parameters for call to function monthLength
   \   000152   12....       LCALL     ?Subroutine4 & 0xFFFF
   \                     ??CrossCallReturnLabel_4:
   \   000155   FE           MOV       R6,A
   \   000156   EF           MOV       A,R7
   \   000157   9400         SUBB      A,#0x0
   \   000159   FF           MOV       R7,A
    357                tm->month++;
   \   00015A   85..82       MOV       DPL,?V2
   \   00015D   85..83       MOV       DPH,?V3
   \   000160   E0           MOVX      A,@DPTR
   \   000161   04           INC       A
   \                     ??osal_ConvertUTCTime_8:
   \   000162   12....       LCALL     ?Subroutine1 & 0xFFFF
   \                     ??CrossCallReturnLabel_11:
   \   000165   12....       LCALL     ?US_DIV_MOD
   \   000168   EA           MOV       A,R2
   \   000169   4B           ORL       A,R3
   \   00016A   6014         JZ        ??osal_ConvertUTCTime_11
   \   00016C   EC           MOV       A,R4
   \   00016D   F8           MOV       R0,A
   \   00016E   ED           MOV       A,R5
   \   00016F   F9           MOV       R1,A
   \   000170   7A64         MOV       R2,#0x64
   \   000172   7B00         MOV       R3,#0x0
   \   000174   12....       LCALL     ?US_DIV_MOD
   \   000177   EA           MOV       A,R2
   \   000178   4B           ORL       A,R3
   \   000179   6009         JZ        ??osal_ConvertUTCTime_12
   \   00017B   EC           MOV       A,R4
   \   00017C   5403         ANL       A,#0x3
   \   00017E   7004         JNZ       ??osal_ConvertUTCTime_12
   \                     ??osal_ConvertUTCTime_11:
   \   000180   7901         MOV       R1,#0x1
   \   000182   8002         SJMP      ??osal_ConvertUTCTime_13
   \                     ??osal_ConvertUTCTime_12:
   \   000184   7900         MOV       R1,#0x0
   \                     ??osal_ConvertUTCTime_13:
   \   000186                ; Setup parameters for call to function monthLength
   \   000186   12....       LCALL     ?Subroutine4 & 0xFFFF
   \                     ??CrossCallReturnLabel_5:
   \   000189   EF           MOV       A,R7
   \   00018A   9400         SUBB      A,#0x0
   \   00018C   4022         JC        ??osal_ConvertUTCTime_14
   \   00018E   12....       LCALL     ??Subroutine7_0 & 0xFFFF
    358              }
   \                     ??CrossCallReturnLabel_12:
   \   000191   12....       LCALL     ?US_DIV_MOD
   \   000194   EA           MOV       A,R2
   \   000195   4B           ORL       A,R3
   \   000196   6014         JZ        ??osal_ConvertUTCTime_15
   \   000198   EC           MOV       A,R4
   \   000199   F8           MOV       R0,A
   \   00019A   ED           MOV       A,R5
   \   00019B   F9           MOV       R1,A
   \   00019C   7A64         MOV       R2,#0x64
   \   00019E   7B00         MOV       R3,#0x0
   \   0001A0   12....       LCALL     ?US_DIV_MOD
   \   0001A3   EA           MOV       A,R2
   \   0001A4   4B           ORL       A,R3
   \   0001A5   60A9         JZ        ??osal_ConvertUTCTime_9
   \   0001A7   EC           MOV       A,R4
   \   0001A8   5403         ANL       A,#0x3
   \   0001AA   70A4         JNZ       ??osal_ConvertUTCTime_9
   \                     ??osal_ConvertUTCTime_15:
   \   0001AC   7901         MOV       R1,#0x1
   \   0001AE   80A2         SJMP      ??osal_ConvertUTCTime_10
    359          
    360              tm->day = numDays;
   \                     ??osal_ConvertUTCTime_14:
   \   0001B0   12....       LCALL     ?Subroutine3 & 0xFFFF
    361            }
   \                     ??CrossCallReturnLabel_3:
   \   0001B3   A3           INC       DPTR
   \   0001B4   EE           MOV       A,R6
   \   0001B5   F0           MOVX      @DPTR,A
    362          }
   \   0001B6   7402         MOV       A,#0x2
   \   0001B8   12....       LCALL     ?DEALLOC_XSTACK8
   \   0001BB   7F10         MOV       R7,#0x10
   \   0001BD   02....       LJMP      ?BANKED_LEAVE_XDATA

   \                                 In  segment BANKED_CODE, align 1, keep-with-next
   \                     ?Subroutine5:
   \   000000   12....       LCALL     ?Subroutine6 & 0xFFFF
   \                     ??CrossCallReturnLabel_9:
   \   000003   22           RET

   \                                 In  segment BANKED_CODE, align 1, keep-with-next
   \                     ?Subroutine6:
   \   000000   85..82       MOV       DPL,?XSP + 0
   \   000003   85..83       MOV       DPH,?XSP + 1
   \   000006   E0           MOVX      A,@DPTR
   \   000007   F8           MOV       R0,A
   \   000008   A3           INC       DPTR
   \   000009   E0           MOVX      A,@DPTR
   \   00000A   F583         MOV       DPH,A
   \   00000C   8882         MOV       DPL,R0
   \   00000E   22           RET

   \                                 In  segment BANKED_CODE, align 1, keep-with-next
   \                     ?Subroutine4:
   \   000000   85..82       MOV       DPL,?V2
   \   000003   85..83       MOV       DPH,?V3
   \   000006   E0           MOVX      A,@DPTR
   \   000007   FA           MOV       R2,A
   \   000008   12....       LCALL     `??monthLength::?relay`; Banked call to: monthLength
   \   00000B   E9           MOV       A,R1
   \   00000C   F8           MOV       R0,A
   \   00000D   C3           CLR       C
   \   00000E   EE           MOV       A,R6
   \   00000F   98           SUBB      A,R0
   \   000010   22           RET

   \                                 In  segment BANKED_CODE, align 1, keep-with-next
   \                     ?Subroutine3:
   \   000000   12....       LCALL     ?Subroutine6 & 0xFFFF
   \                     ??CrossCallReturnLabel_8:
   \   000003   A3           INC       DPTR
   \   000004   A3           INC       DPTR
   \   000005   22           RET

   \                                 In  segment BANKED_CODE, align 1, keep-with-next
   \                     ?Subroutine1:
   \   000000   F0           MOVX      @DPTR,A
   \   000001                REQUIRE ??Subroutine7_0
   \   000001                ; // Fall through to label ??Subroutine7_0

   \                                 In  segment BANKED_CODE, align 1, keep-with-next
   \                     ??Subroutine7_0:
   \   000000   85..82       MOV       DPL,?V0
   \   000003   85..83       MOV       DPH,?V1
   \   000006   E0           MOVX      A,@DPTR
   \   000007   FC           MOV       R4,A
   \   000008   A3           INC       DPTR
   \   000009   E0           MOVX      A,@DPTR
   \   00000A   FD           MOV       R5,A
   \   00000B   EC           MOV       A,R4
   \   00000C   F8           MOV       R0,A
   \   00000D   ED           MOV       A,R5
   \   00000E   F9           MOV       R1,A
   \   00000F   7A90         MOV       R2,#-0x70
   \   000011   7B01         MOV       R3,#0x1
   \   000013   22           RET
    363          
    364          /*********************************************************************
    365           * @fn      monthLength
    366           *
    367           * @param   lpyr - 1 for leap year, 0 if not
    368           *
    369           * @param   mon - 0 - 11 (jan - dec)
    370           *
    371           * @return  number of days in specified month
    372           */

   \                                 In  segment BANKED_CODE, align 1, keep-with-next
    373          static uint8 monthLength( uint8 lpyr, uint8 mon )
   \                     monthLength:
    374          {
   \   000000                ; Saved register size: 0
   \   000000                ; Auto size: 0
   \   000000   E9           MOV       A,R1
   \   000001   F8           MOV       R0,A
    375            uint8 days = 31;
   \   000002   791F         MOV       R1,#0x1f
    376          
    377          	if ( mon == 1 ) // feb
   \   000004   7401         MOV       A,#0x1
   \   000006   6A           XRL       A,R2
   \   000007   7006         JNZ       ??monthLength_0
    378            {
    379          		days = ( 28 + lpyr );
   \   000009   741C         MOV       A,#0x1c
   \   00000B   28           ADD       A,R0
   \   00000C   F9           MOV       R1,A
   \   00000D   800E         SJMP      ??monthLength_1
    380            }
    381            else
    382            {
    383              if ( mon > 6 ) // aug-dec
   \                     ??monthLength_0:
   \   00000F   EA           MOV       A,R2
   \   000010   C3           CLR       C
   \   000011   9407         SUBB      A,#0x7
   \   000013   4001         JC        ??monthLength_2
    384              {
    385                mon--;
   \   000015   1A           DEC       R2
    386              }
    387          
    388              if ( mon & 1 )
   \                     ??monthLength_2:
   \   000016   EA           MOV       A,R2
   \   000017   A2E0         MOV       C,0xE0 /* A   */.0
   \   000019   5002         JNC       ??monthLength_1
    389              {
    390                days = 30;
   \   00001B   791E         MOV       R1,#0x1e
    391              }
    392            }
    393          
    394          	return ( days );
   \                     ??monthLength_1:
   \   00001D   02....       LJMP      ?BRET
    395          }
    396          
    397          /*********************************************************************
    398           * @fn      osal_ConvertUTCSecs
    399           *
    400           * @brief   Converts a UTCTimeStruct to UTCTime
    401           *
    402           * @param   tm - pointer to provided struct
    403           *
    404           * @return  number of seconds since 00:00:00 on 01/01/2000 (UTC)
    405           */

   \                                 In  segment BANKED_CODE, align 1, keep-with-next
    406          UTCTime osal_ConvertUTCSecs( UTCTimeStruct *tm )
   \                     osal_ConvertUTCSecs:
    407          {
   \   000000                REQUIRE ?V0
   \   000000                REQUIRE ?V1
   \   000000                REQUIRE ?V2
   \   000000                REQUIRE ?V3
   \   000000                REQUIRE ?V4
   \   000000                REQUIRE ?V5
   \   000000                REQUIRE ?V6
   \   000000                REQUIRE ?V7
   \   000000                REQUIRE ?V8
   \   000000                REQUIRE ?V9
   \   000000                REQUIRE ?V10
   \   000000                REQUIRE ?V11
   \   000000   74EC         MOV       A,#-0x14
   \   000002   12....       LCALL     ?BANKED_ENTER_XDATA
   \   000005                ; Saved register size: 20
   \   000005                ; Auto size: 0
   \   000005   EA           MOV       A,R2
   \   000006   FE           MOV       R6,A
   \   000007   EB           MOV       A,R3
   \   000008   FF           MOV       R7,A
    408            uint32 seconds;
    409          
    410            /* Seconds for the partial day */
    411            seconds = (((tm->hour * 60UL) + tm->minutes) * 60UL) + tm->seconds;
   \   000009   8A82         MOV       DPL,R2
   \   00000B   F583         MOV       DPH,A
   \   00000D   A3           INC       DPTR
   \   00000E   A3           INC       DPTR
   \   00000F   E0           MOVX      A,@DPTR
   \   000010   F5..         MOV       ?V4,A
   \   000012   E4           CLR       A
   \   000013   F5..         MOV       ?V5,A
   \   000015   F5..         MOV       ?V6,A
   \   000017   F5..         MOV       ?V7,A
   \   000019   90....       MOV       DPTR,#__Constant_3c
   \   00001C   78..         MOV       R0,#?V0
   \   00001E   12....       LCALL     ?L_MOV_X
   \   000021   78..         MOV       R0,#?V4
   \   000023   79..         MOV       R1,#?V0
   \   000025   12....       LCALL     ?L_MUL
   \   000028   8A82         MOV       DPL,R2
   \   00002A   8B83         MOV       DPH,R3
   \   00002C   A3           INC       DPTR
   \   00002D   12....       LCALL     ?Subroutine2 & 0xFFFF
   \                     ??CrossCallReturnLabel_0:
   \   000030   12....       LCALL     ?L_ADD
   \   000033   90....       MOV       DPTR,#__Constant_3c
   \   000036   78..         MOV       R0,#?V0
   \   000038   12....       LCALL     ?L_MOV_X
   \   00003B   78..         MOV       R0,#?V4
   \   00003D   79..         MOV       R1,#?V0
   \   00003F   12....       LCALL     ?L_MUL
   \   000042   8A82         MOV       DPL,R2
   \   000044   8B83         MOV       DPH,R3
   \   000046   12....       LCALL     ?Subroutine2 & 0xFFFF
   \                     ??CrossCallReturnLabel_1:
   \   000049   12....       LCALL     ?L_ADD
    412          
    413            /* Account for previous complete days */
    414            {
    415              /* Start with complete days in current month */
    416              uint16 days = tm->day;
   \   00004C   A3           INC       DPTR
   \   00004D   A3           INC       DPTR
   \   00004E   A3           INC       DPTR
   \   00004F   E0           MOVX      A,@DPTR
   \   000050   F5..         MOV       ?V0,A
    417          
    418              /* Next, complete months in current year */
    419              {
    420                int8 month = tm->month;
   \   000052   8A82         MOV       DPL,R2
   \   000054   8B83         MOV       DPH,R3
   \   000056   A3           INC       DPTR
   \   000057   A3           INC       DPTR
   \   000058   A3           INC       DPTR
   \   000059   A3           INC       DPTR
   \   00005A   E0           MOVX      A,@DPTR
   \   00005B   F5..         MOV       ?V8,A
   \   00005D   8011         SJMP      ??osal_ConvertUTCSecs_0
    421                while ( --month >= 0 )
    422                {
    423                  days += monthLength( IsLeapYear( tm->year ), month );
   \                     ??osal_ConvertUTCSecs_1:
   \   00005F   7900         MOV       R1,#0x0
   \                     ??osal_ConvertUTCSecs_2:
   \   000061                ; Setup parameters for call to function monthLength
   \   000061   AA..         MOV       R2,?V8
   \   000063   12....       LCALL     `??monthLength::?relay`; Banked call to: monthLength
   \   000066   E5..         MOV       A,?V0
   \   000068   29           ADD       A,R1
   \   000069   F5..         MOV       ?V0,A
   \   00006B   E4           CLR       A
   \   00006C   35..         ADDC      A,?V1
   \   00006E   F5..         MOV       ?V1,A
   \                     ??osal_ConvertUTCSecs_0:
   \   000070   15..         DEC       ?V8
   \   000072   8E82         MOV       DPL,R6
   \   000074   8F83         MOV       DPH,R7
   \   000076   A3           INC       DPTR
   \   000077   A3           INC       DPTR
   \   000078   A3           INC       DPTR
   \   000079   A3           INC       DPTR
   \   00007A   A3           INC       DPTR
   \   00007B   E0           MOVX      A,@DPTR
   \   00007C   F5..         MOV       ?V2,A
   \   00007E   A3           INC       DPTR
   \   00007F   E0           MOVX      A,@DPTR
   \   000080   F5..         MOV       ?V3,A
   \   000082   E5..         MOV       A,?V8
   \   000084   C3           CLR       C
   \   000085   9400         SUBB      A,#0x0
   \   000087   A2D2         MOV       C,0xD0 /* PSW */.2
   \   000089   65D0         XRL       A,PSW
   \   00008B   33           RLC       A
   \   00008C   4028         JC        ??osal_ConvertUTCSecs_3
   \   00008E   A8..         MOV       R0,?V2
   \   000090   A9..         MOV       R1,?V3
   \   000092   7A90         MOV       R2,#-0x70
   \   000094   7B01         MOV       R3,#0x1
   \   000096   12....       LCALL     ?US_DIV_MOD
   \   000099   EA           MOV       A,R2
   \   00009A   4B           ORL       A,R3
   \   00009B   6015         JZ        ??osal_ConvertUTCSecs_4
   \   00009D   A8..         MOV       R0,?V2
   \   00009F   A9..         MOV       R1,?V3
   \   0000A1   7A64         MOV       R2,#0x64
   \   0000A3   7B00         MOV       R3,#0x0
   \   0000A5   12....       LCALL     ?US_DIV_MOD
   \   0000A8   EA           MOV       A,R2
   \   0000A9   4B           ORL       A,R3
   \   0000AA   60B3         JZ        ??osal_ConvertUTCSecs_1
   \   0000AC   E5..         MOV       A,?V2
   \   0000AE   5403         ANL       A,#0x3
   \   0000B0   70AD         JNZ       ??osal_ConvertUTCSecs_1
   \                     ??osal_ConvertUTCSecs_4:
   \   0000B2   7901         MOV       R1,#0x1
   \   0000B4   80AB         SJMP      ??osal_ConvertUTCSecs_2
    424                }
    425              }
    426          
    427              /* Next, complete years before current year */
    428              {
    429                uint16 year = tm->year;
   \                     ??osal_ConvertUTCSecs_3:
   \   0000B6   AC..         MOV       R4,?V2
   \   0000B8   AD..         MOV       R5,?V3
   \   0000BA   800D         SJMP      ??osal_ConvertUTCSecs_5
    430                while ( --year >= BEGYEAR )
    431                {
    432                  days += YearLength( year );
   \                     ??osal_ConvertUTCSecs_6:
   \   0000BC   786D         MOV       R0,#0x6d
   \                     ??osal_ConvertUTCSecs_7:
   \   0000BE   E5..         MOV       A,?V0
   \   0000C0   28           ADD       A,R0
   \   0000C1   F5..         MOV       ?V0,A
   \   0000C3   E5..         MOV       A,?V1
   \   0000C5   3401         ADDC      A,#0x1
   \   0000C7   F5..         MOV       ?V1,A
   \                     ??osal_ConvertUTCSecs_5:
   \   0000C9   EC           MOV       A,R4
   \   0000CA   24FF         ADD       A,#-0x1
   \   0000CC   1C           DEC       R4
   \   0000CD   ED           MOV       A,R5
   \   0000CE   34FF         ADDC      A,#-0x1
   \   0000D0   FD           MOV       R5,A
   \   0000D1   C3           CLR       C
   \   0000D2   EC           MOV       A,R4
   \   0000D3   94D0         SUBB      A,#-0x30
   \   0000D5   ED           MOV       A,R5
   \   0000D6   9407         SUBB      A,#0x7
   \   0000D8   4027         JC        ??osal_ConvertUTCSecs_8
   \   0000DA   EC           MOV       A,R4
   \   0000DB   F8           MOV       R0,A
   \   0000DC   ED           MOV       A,R5
   \   0000DD   F9           MOV       R1,A
   \   0000DE   7A90         MOV       R2,#-0x70
   \   0000E0   7B01         MOV       R3,#0x1
   \   0000E2   12....       LCALL     ?US_DIV_MOD
   \   0000E5   EA           MOV       A,R2
   \   0000E6   4B           ORL       A,R3
   \   0000E7   6014         JZ        ??osal_ConvertUTCSecs_9
   \   0000E9   EC           MOV       A,R4
   \   0000EA   F8           MOV       R0,A
   \   0000EB   ED           MOV       A,R5
   \   0000EC   F9           MOV       R1,A
   \   0000ED   7A64         MOV       R2,#0x64
   \   0000EF   7B00         MOV       R3,#0x0
   \   0000F1   12....       LCALL     ?US_DIV_MOD
   \   0000F4   EA           MOV       A,R2
   \   0000F5   4B           ORL       A,R3
   \   0000F6   60C4         JZ        ??osal_ConvertUTCSecs_6
   \   0000F8   EC           MOV       A,R4
   \   0000F9   5403         ANL       A,#0x3
   \   0000FB   70BF         JNZ       ??osal_ConvertUTCSecs_6
   \                     ??osal_ConvertUTCSecs_9:
   \   0000FD   786E         MOV       R0,#0x6e
   \   0000FF   80BD         SJMP      ??osal_ConvertUTCSecs_7
    433                }
    434              }
    435          
    436              /* Add total seconds before partial day */
    437              seconds += (days * DAY);
    438            }
    439          
    440            return ( seconds );
   \                     ??osal_ConvertUTCSecs_8:
   \   000101   E4           CLR       A
   \   000102   F5..         MOV       ?V2,A
   \   000104   F5..         MOV       ?V3,A
   \   000106   90....       MOV       DPTR,#__Constant_15180
   \   000109   78..         MOV       R0,#?V8
   \   00010B   12....       LCALL     ?L_MOV_X
   \   00010E   78..         MOV       R0,#?V0
   \   000110   79..         MOV       R1,#?V8
   \   000112   12....       LCALL     ?L_MUL
   \   000115   78..         MOV       R0,#?V4
   \   000117   79..         MOV       R1,#?V0
   \   000119   12....       LCALL     ?L_ADD
   \   00011C   AA..         MOV       R2,?V4
   \   00011E   AB..         MOV       R3,?V5
   \   000120   AC..         MOV       R4,?V6
   \   000122   AD..         MOV       R5,?V7
   \   000124   02....       LJMP      ?Subroutine0 & 0xFFFF
    441          }

   \                                 In  segment BANKED_CODE, align 1, keep-with-next
   \                     ?Subroutine2:
   \   000000   E0           MOVX      A,@DPTR
   \   000001   F5..         MOV       ?V0,A
   \   000003   E4           CLR       A
   \   000004   F5..         MOV       ?V1,A
   \   000006   F5..         MOV       ?V2,A
   \   000008   F5..         MOV       ?V3,A
   \   00000A   78..         MOV       R0,#?V4
   \   00000C   79..         MOV       R1,#?V0
   \   00000E   22           RET

   \                                 In  segment XDATA_ROM_C, align 1
   \                     __Constant_4:
   \   000000   04000000     DD 4

   \                                 In  segment XDATA_ROM_C, align 1
   \                     __Constant_fffce019:
   \   000000   19E0FCFF     DD 4294762521

   \                                 In  segment XDATA_ROM_C, align 1
   \                     __Constant_fff8:
   \   000000   F8FF0000     DD 65528

   \                                 In  segment XDATA_ROM_C, align 1
   \                     __Constant_31fe7:
   \   000000   E71F0300     DD 204775

   \                                 In  segment XDATA_ROM_C, align 1
   \                     __Constant_3e8:
   \   000000   E8030000     DD 1000

   \                                 In  segment XDATA_ROM_C, align 1
   \                     __Constant_15180:
   \   000000   80510100     DD 86400

   \                                 In  segment XDATA_ROM_C, align 1
   \                     __Constant_3c:
   \   000000   3C000000     DD 60

   \                                 In  segment XDATA_ROM_C, align 1
   \                     __Constant_e10:
   \   000000   100E0000     DD 3600

   Maximum stack usage in bytes:

   ISTACK XSTACK Function
   ------ ------ --------
      0     26   monthLength
      0     22   osalTimeUpdate
        0     20   -> macMcuPrecisionCount
        0     22   -> osalMcuDivide31By16To16
        0     20   -> osalTimerUpdate
      0     20   osal_ConvertUTCSecs
        0     20   -> monthLength
      1     30   osal_ConvertUTCTime
        0     26   -> monthLength
      2      0   osal_getClock
      0     12   osal_setClock


   Segment part sizes:

   Bytes  Function/Label
   -----  --------------
      20  ??Subroutine7_0
       5  ?Subroutine0
       1  ?Subroutine1
      15  ?Subroutine2
       6  ?Subroutine3
      17  ?Subroutine4
       4  ?Subroutine5
      15  ?Subroutine6
       4  OSAL_timeSeconds
       1  _A_IEN0
       4  __Constant_15180
       4  __Constant_31fe7
       4  __Constant_3c
       4  __Constant_3e8
       4  __Constant_4
       4  __Constant_e10
       4  __Constant_fff8
       4  __Constant_fffce019
      32  monthLength
     315  osalTimeUpdate
     295  osal_ConvertUTCSecs
     448  osal_ConvertUTCTime
      17  osal_getClock
      35  osal_setClock
       4  previousMacTimerTick
       2  remUsTicks
       4  timeMSec
      36  -- Other

 
 1 225 bytes in segment BANKED_CODE
    36 bytes in segment BANK_RELAYS
     1 byte  in segment SFR_AN
    32 bytes in segment XDATA_ROM_C
    14 bytes in segment XDATA_Z
 
    36 bytes of CODE     memory
     0 bytes of CONST    memory (+ 32 bytes shared)
     0 bytes of DATA     memory (+  1 byte  shared)
 1 225 bytes of HUGECODE memory
    14 bytes of XDATA    memory

Errors: none
Warnings: none
