###############################################################################
#
# IAR C/C++ Compiler V10.30.1.6000 for 8051               20/Apr/2021  23:38:55
# Copyright 2004-2018 IAR Systems AB.
# Evaluation license - IAR Embedded Workbench for 8051, Evaluation edition 10.30
#
#    Core               =  plain
#    Code model         =  banked
#    Data model         =  large
#    Calling convention =  xdata reentrant
#    Constant location  =  data_rom
#    Dptr setup         =  1,16
#                          
#    Source file        =  
#        C:\Texas Instruments\Z-Stack 3.0.2-20210417T211827Z-001\Z-Stack
#        3.0.2\Z-Stack 3.0.2\Components\hal\target\CC2530EB\hal_key.c
#    Command line       =  
#        -f C:\users\slavko\Temp\EWc065.tmp ("C:\Texas Instruments\Z-Stack
#        3.0.2-20210417T211827Z-001\Z-Stack 3.0.2\Z-Stack
#        3.0.2\Components\hal\target\CC2530EB\hal_key.c" -D BDB_REPORTING -D
#        SECURE=1 -D TC_LINKKEY_JOIN -D NV_INIT -D NV_RESTORE -D xZTOOL_P1 -D
#        xMT_TASK -D xMT_APP_FUNC -D xMT_SYS_FUNC -D xMT_ZDO_FUNC -D
#        xMT_ZDO_MGMT -D xMT_APP_CNF_FUNC -D LCD_SUPPORTED=DEBUG -D
#        MULTICAST_ENABLED=FALSE -D ZCL_READ -D ZCL_DISCOVER -D ZCL_WRITE -D
#        ZCL_BASIC -D ZCL_IDENTIFY -D ZCL_ON_OFF -D ZCL_SCENES -D ZCL_GROUPS -D
#        ZCL_LEVEL_CTRL -D HAL_LED=TRUE -D HAL_KEY=TRUE -D BLINK_LEDS -lC
#        "C:\Texas Instruments\Z-Stack 3.0.2-20210417T211827Z-001\Z-Stack
#        3.0.2\Z-Stack
#        3.0.2\Projects\zstack\HomeAutomation\SampleLight\CC2530DB\RouterEB\List"
#        -lA "C:\Texas Instruments\Z-Stack 3.0.2-20210417T211827Z-001\Z-Stack
#        3.0.2\Z-Stack
#        3.0.2\Projects\zstack\HomeAutomation\SampleLight\CC2530DB\RouterEB\List"
#        --diag_suppress Pe001,Pa010 -o "C:\Texas Instruments\Z-Stack
#        3.0.2-20210417T211827Z-001\Z-Stack 3.0.2\Z-Stack
#        3.0.2\Projects\zstack\HomeAutomation\SampleLight\CC2530DB\RouterEB\Obj"
#        -e --debug --core=plain --dptr=16,1 --data_model=large
#        --code_model=banked --calling_convention=xdata_reentrant
#        --place_constants=data_rom --nr_virtual_regs 16 -f "C:\Texas
#        Instruments\Z-Stack 3.0.2-20210417T211827Z-001\Z-Stack 3.0.2\Z-Stack
#        3.0.2\Projects\zstack\HomeAutomation\SampleLight\CC2530DB\..\..\..\Tools\CC2530DB\f8wRouter.cfg"
#        (-DCPU32MHZ -DROOT=__near_func -DMAC_CFG_APP_PENDING_QUEUE=TRUE
#        -DMAC_CFG_TX_DATA_MAX=5 -DMAC_CFG_TX_MAX=8 -DMAC_CFG_RX_MAX=5
#        -DRTR_NWK) -f "C:\Texas Instruments\Z-Stack
#        3.0.2-20210417T211827Z-001\Z-Stack 3.0.2\Z-Stack
#        3.0.2\Projects\zstack\HomeAutomation\SampleLight\CC2530DB\..\..\..\Tools\CC2530DB\f8wConfig.cfg"
#        (-DZIGBEEPRO -DSECURE=1 -DZG_SECURE_DYNAMIC=0 -DREFLECTOR
#        -DDEFAULT_CHANLIST=0x00000800 -DZDAPP_CONFIG_PAN_ID=0xFFFF
#        -DNWK_START_DELAY=100 -DEXTENDED_JOINING_RANDOM_MASK=0x007F
#        -DBEACON_REQUEST_DELAY=100 -DBEACON_REQ_DELAY_MASK=0x00FF
#        -DLINK_STATUS_JITTER_MASK=0x007F -DROUTE_EXPIRY_TIME=30
#        -DAPSC_ACK_WAIT_DURATION_POLLED=3000 -DNWK_INDIRECT_MSG_TIMEOUT=7
#        -DMAX_RREQ_ENTRIES=8 -DAPSC_MAX_FRAME_RETRIES=3
#        -DNWK_MAX_DATA_RETRIES=2 -DMAX_POLL_FAILURE_RETRIES=2 -DMAX_BCAST=9
#        -DAPS_MAX_GROUPS=16 -DMAX_RTG_ENTRIES=40 -DNWK_MAX_BINDING_ENTRIES=4
#        -DMAX_BINDING_CLUSTER_IDS=4 -DDEFAULT_KEY={0} -DMAC_MAX_FRAME_SIZE=116
#        -DZDNWKMGR_MIN_TRANSMISSIONS=20 "-DCONST=const __code"
#        -DGENERIC=__generic -DRFD_RCVC_ALWAYS_ON=FALSE -DPOLL_RATE=1000
#        -DQUEUED_POLL_RATE=100 -DRESPONSE_POLL_RATE=100 -DREJOIN_POLL_RATE=440
#        -DREJOIN_BACKOFF=900000 -DREJOIN_SCAN=900000 -DENABLE_LED4_DISABLE_S1)
#        -f "C:\Texas Instruments\Z-Stack 3.0.2-20210417T211827Z-001\Z-Stack
#        3.0.2\Z-Stack
#        3.0.2\Projects\zstack\HomeAutomation\SampleLight\CC2530DB\..\..\..\Tools\CC2530DB\f8wZCL.cfg"
#        -I "C:\Texas Instruments\Z-Stack 3.0.2-20210417T211827Z-001\Z-Stack
#        3.0.2\Z-Stack
#        3.0.2\Projects\zstack\HomeAutomation\SampleLight\CC2530DB\" -I
#        "C:\Texas Instruments\Z-Stack 3.0.2-20210417T211827Z-001\Z-Stack
#        3.0.2\Z-Stack
#        3.0.2\Projects\zstack\HomeAutomation\SampleLight\CC2530DB\..\Source\"
#        -I "C:\Texas Instruments\Z-Stack 3.0.2-20210417T211827Z-001\Z-Stack
#        3.0.2\Z-Stack
#        3.0.2\Projects\zstack\HomeAutomation\SampleLight\CC2530DB\..\..\Source\"
#        -I "C:\Texas Instruments\Z-Stack 3.0.2-20210417T211827Z-001\Z-Stack
#        3.0.2\Z-Stack
#        3.0.2\Projects\zstack\HomeAutomation\SampleLight\CC2530DB\..\..\..\ZMain\TI2530DB\"
#        -I "C:\Texas Instruments\Z-Stack 3.0.2-20210417T211827Z-001\Z-Stack
#        3.0.2\Z-Stack
#        3.0.2\Projects\zstack\HomeAutomation\SampleLight\CC2530DB\..\..\..\..\..\Components\hal\include\"
#        -I "C:\Texas Instruments\Z-Stack 3.0.2-20210417T211827Z-001\Z-Stack
#        3.0.2\Z-Stack
#        3.0.2\Projects\zstack\HomeAutomation\SampleLight\CC2530DB\..\..\..\..\..\Components\hal\target\CC2530EB\"
#        -I "C:\Texas Instruments\Z-Stack 3.0.2-20210417T211827Z-001\Z-Stack
#        3.0.2\Z-Stack
#        3.0.2\Projects\zstack\HomeAutomation\SampleLight\CC2530DB\..\..\..\..\..\Components\mac\include\"
#        -I "C:\Texas Instruments\Z-Stack 3.0.2-20210417T211827Z-001\Z-Stack
#        3.0.2\Z-Stack
#        3.0.2\Projects\zstack\HomeAutomation\SampleLight\CC2530DB\..\..\..\..\..\Components\mac\high_level\"
#        -I "C:\Texas Instruments\Z-Stack 3.0.2-20210417T211827Z-001\Z-Stack
#        3.0.2\Z-Stack
#        3.0.2\Projects\zstack\HomeAutomation\SampleLight\CC2530DB\..\..\..\..\..\Components\mac\low_level\srf04\"
#        -I "C:\Texas Instruments\Z-Stack 3.0.2-20210417T211827Z-001\Z-Stack
#        3.0.2\Z-Stack
#        3.0.2\Projects\zstack\HomeAutomation\SampleLight\CC2530DB\..\..\..\..\..\Components\mac\low_level\srf04\single_chip\"
#        -I "C:\Texas Instruments\Z-Stack 3.0.2-20210417T211827Z-001\Z-Stack
#        3.0.2\Z-Stack
#        3.0.2\Projects\zstack\HomeAutomation\SampleLight\CC2530DB\..\..\..\..\..\Components\mt\"
#        -I "C:\Texas Instruments\Z-Stack 3.0.2-20210417T211827Z-001\Z-Stack
#        3.0.2\Z-Stack
#        3.0.2\Projects\zstack\HomeAutomation\SampleLight\CC2530DB\..\..\..\..\..\Components\osal\include\"
#        -I "C:\Texas Instruments\Z-Stack 3.0.2-20210417T211827Z-001\Z-Stack
#        3.0.2\Z-Stack
#        3.0.2\Projects\zstack\HomeAutomation\SampleLight\CC2530DB\..\..\..\..\..\Components\services\saddr\"
#        -I "C:\Texas Instruments\Z-Stack 3.0.2-20210417T211827Z-001\Z-Stack
#        3.0.2\Z-Stack
#        3.0.2\Projects\zstack\HomeAutomation\SampleLight\CC2530DB\..\..\..\..\..\Components\services\sdata\"
#        -I "C:\Texas Instruments\Z-Stack 3.0.2-20210417T211827Z-001\Z-Stack
#        3.0.2\Z-Stack
#        3.0.2\Projects\zstack\HomeAutomation\SampleLight\CC2530DB\..\..\..\..\..\Components\stack\af\"
#        -I "C:\Texas Instruments\Z-Stack 3.0.2-20210417T211827Z-001\Z-Stack
#        3.0.2\Z-Stack
#        3.0.2\Projects\zstack\HomeAutomation\SampleLight\CC2530DB\..\..\..\..\..\Components\stack\bdb\"
#        -I "C:\Texas Instruments\Z-Stack 3.0.2-20210417T211827Z-001\Z-Stack
#        3.0.2\Z-Stack
#        3.0.2\Projects\zstack\HomeAutomation\SampleLight\CC2530DB\..\..\..\..\..\Components\stack\nwk\"
#        -I "C:\Texas Instruments\Z-Stack 3.0.2-20210417T211827Z-001\Z-Stack
#        3.0.2\Z-Stack
#        3.0.2\Projects\zstack\HomeAutomation\SampleLight\CC2530DB\..\..\..\..\..\Components\stack\bdb\"
#        -I "C:\Texas Instruments\Z-Stack 3.0.2-20210417T211827Z-001\Z-Stack
#        3.0.2\Z-Stack
#        3.0.2\Projects\zstack\HomeAutomation\SampleLight\CC2530DB\..\..\..\..\..\Components\stack\gp\"
#        -I "C:\Texas Instruments\Z-Stack 3.0.2-20210417T211827Z-001\Z-Stack
#        3.0.2\Z-Stack
#        3.0.2\Projects\zstack\HomeAutomation\SampleLight\CC2530DB\..\..\..\..\..\Components\stack\sapi\"
#        -I "C:\Texas Instruments\Z-Stack 3.0.2-20210417T211827Z-001\Z-Stack
#        3.0.2\Z-Stack
#        3.0.2\Projects\zstack\HomeAutomation\SampleLight\CC2530DB\..\..\..\..\..\Components\stack\sec\"
#        -I "C:\Texas Instruments\Z-Stack 3.0.2-20210417T211827Z-001\Z-Stack
#        3.0.2\Z-Stack
#        3.0.2\Projects\zstack\HomeAutomation\SampleLight\CC2530DB\..\..\..\..\..\Components\stack\sys\"
#        -I "C:\Texas Instruments\Z-Stack 3.0.2-20210417T211827Z-001\Z-Stack
#        3.0.2\Z-Stack
#        3.0.2\Projects\zstack\HomeAutomation\SampleLight\CC2530DB\..\..\..\..\..\Components\stack\zcl\"
#        -I "C:\Texas Instruments\Z-Stack 3.0.2-20210417T211827Z-001\Z-Stack
#        3.0.2\Z-Stack
#        3.0.2\Projects\zstack\HomeAutomation\SampleLight\CC2530DB\..\..\..\..\..\Components\stack\zdo\"
#        -I "C:\Texas Instruments\Z-Stack 3.0.2-20210417T211827Z-001\Z-Stack
#        3.0.2\Z-Stack
#        3.0.2\Projects\zstack\HomeAutomation\SampleLight\CC2530DB\..\..\..\..\..\Components\zmac\"
#        -I "C:\Texas Instruments\Z-Stack 3.0.2-20210417T211827Z-001\Z-Stack
#        3.0.2\Z-Stack
#        3.0.2\Projects\zstack\HomeAutomation\SampleLight\CC2530DB\..\..\..\..\..\Components\zmac\f8w\"
#        -Ohz --require_prototypes)
#    Locale             =  English_USA.1252
#    List file          =  
#        C:\Texas Instruments\Z-Stack 3.0.2-20210417T211827Z-001\Z-Stack
#        3.0.2\Z-Stack
#        3.0.2\Projects\zstack\HomeAutomation\SampleLight\CC2530DB\RouterEB\List\hal_key.lst
#    Object file        =  
#        C:\Texas Instruments\Z-Stack 3.0.2-20210417T211827Z-001\Z-Stack
#        3.0.2\Z-Stack
#        3.0.2\Projects\zstack\HomeAutomation\SampleLight\CC2530DB\RouterEB\Obj\hal_key.r51
#
###############################################################################

C:\Texas Instruments\Z-Stack 3.0.2-20210417T211827Z-001\Z-Stack 3.0.2\Z-Stack 3.0.2\Components\hal\target\CC2530EB\hal_key.c
      1          /**************************************************************************************************
      2            Filename:       hal_key.c
      3            Revised:        $Date: 2010-09-15 19:02:45 -0700 (Wed, 15 Sep 2010) $
      4            Revision:       $Revision: 23815 $
      5          
      6            Description:    This file contains the interface to the HAL KEY Service.
      7          
      8          
      9            Copyright 2006-2010 Texas Instruments Incorporated. All rights reserved.
     10          
     11            IMPORTANT: Your use of this Software is limited to those specific rights
     12            granted under the terms of a software license agreement between the user
     13            who downloaded the software, his/her employer (which must be your employer)
     14            and Texas Instruments Incorporated (the "License").  You may not use this
     15            Software unless you agree to abide by the terms of the License. The License
     16            limits your use, and you acknowledge, that the Software may not be modified,
     17            copied or distributed unless embedded on a Texas Instruments microcontroller
     18            or used solely and exclusively in conjunction with a Texas Instruments radio
     19            frequency transceiver, which is integrated into your product.  Other than for
     20            the foregoing purpose, you may not use, reproduce, copy, prepare derivative
     21            works of, modify, distribute, perform, display or sell this Software and/or
     22            its documentation for any purpose.
     23          
     24            YOU FURTHER ACKNOWLEDGE AND AGREE THAT THE SOFTWARE AND DOCUMENTATION ARE
     25            PROVIDED “AS IS” WITHOUT WARRANTY OF ANY KIND, EITHER EXPRESS OR IMPLIED,
     26            INCLUDING WITHOUT LIMITATION, ANY WARRANTY OF MERCHANTABILITY, TITLE,
     27            NON-INFRINGEMENT AND FITNESS FOR A PARTICULAR PURPOSE. IN NO EVENT SHALL
     28            TEXAS INSTRUMENTS OR ITS LICENSORS BE LIABLE OR OBLIGATED UNDER CONTRACT,
     29            NEGLIGENCE, STRICT LIABILITY, CONTRIBUTION, BREACH OF WARRANTY, OR OTHER
     30            LEGAL EQUITABLE THEORY ANY DIRECT OR INDIRECT DAMAGES OR EXPENSES
     31            INCLUDING BUT NOT LIMITED TO ANY INCIDENTAL, SPECIAL, INDIRECT, PUNITIVE
     32            OR CONSEQUENTIAL DAMAGES, LOST PROFITS OR LOST DATA, COST OF PROCUREMENT
     33            OF SUBSTITUTE GOODS, TECHNOLOGY, SERVICES, OR ANY CLAIMS BY THIRD PARTIES
     34            (INCLUDING BUT NOT LIMITED TO ANY DEFENSE THEREOF), OR OTHER SIMILAR COSTS.
     35          
     36            Should you have any questions regarding your right to use this Software,
     37            contact Texas Instruments Incorporated at www.TI.com.
     38          **************************************************************************************************/
     39          /*********************************************************************
     40           NOTE: If polling is used, the hal_driver task schedules the KeyRead()
     41                 to occur every 100ms.  This should be long enough to naturally
     42                 debounce the keys.  The KeyRead() function remembers the key
     43                 state of the previous poll and will only return a non-zero
     44                 value if the key state changes.
     45          
     46           NOTE: If interrupts are used, the KeyRead() function is scheduled
     47                 25ms after the interrupt occurs by the ISR.  This delay is used
     48                 for key debouncing.  The ISR disables any further Key interrupt
     49                 until KeyRead() is executed.  KeyRead() will re-enable Key
     50                 interrupts after executing.  Unlike polling, when interrupts
     51                 are enabled, the previous key state is not remembered.  This
     52                 means that KeyRead() will return the current state of the keys
     53                 (not a change in state of the keys).
     54          
     55           NOTE: If interrupts are used, the KeyRead() fucntion is scheduled by
     56                 the ISR.  Therefore, the joystick movements will only be detected
     57                 during a pushbutton interrupt caused by S1 or the center joystick
     58                 pushbutton.
     59          
     60           NOTE: When a switch like S1 is pushed, the S1 signal goes from a normally
     61                 high state to a low state.  This transition is typically clean.  The
     62                 duration of the low state is around 200ms.  When the signal returns
     63                 to the high state, there is a high likelihood of signal bounce, which
     64                 causes a unwanted interrupts.  Normally, we would set the interrupt
     65                 edge to falling edge to generate an interrupt when S1 is pushed, but
     66                 because of the signal bounce, it is better to set the edge to rising
     67                 edge to generate an interrupt when S1 is released.  The debounce logic
     68                 can then filter out the signal bounce.  The result is that we typically
     69                 get only 1 interrupt per button push.  This mechanism is not totally
     70                 foolproof because occasionally, signal bound occurs during the falling
     71                 edge as well.  A similar mechanism is used to handle the joystick
     72                 pushbutton on the DB.  For the EB, we do not have independent control
     73                 of the interrupt edge for the S1 and center joystick pushbutton.  As
     74                 a result, only one or the other pushbuttons work reasonably well with
     75                 interrupts.  The default is the make the S1 switch on the EB work more
     76                 reliably.
     77          
     78          *********************************************************************/
     79          
     80          /**************************************************************************************************
     81           *                                            INCLUDES
     82           **************************************************************************************************/
     83          #include "hal_mcu.h"

   \                                 In  segment SFR_AN, at 0x80
   \   union <unnamed> volatile __sfr _A_P0
   \                     _A_P0:
   \   000000                DS 1

   \                                 In  segment SFR_AN, at 0x89
   \   unsigned char volatile __sfr P0IFG
   \                     P0IFG:
   \   000000                DS 1

   \                                 In  segment SFR_AN, at 0x8b
   \   unsigned char volatile __sfr P2IFG
   \                     P2IFG:
   \   000000                DS 1

   \                                 In  segment SFR_AN, at 0x8c
   \   unsigned char volatile __sfr PICTL
   \                     PICTL:
   \   000000                DS 1

   \                                 In  segment SFR_AN, at 0x9a
   \   unsigned char volatile __sfr IEN2
   \                     IEN2:
   \   000000                DS 1

   \                                 In  segment SFR_AN, at 0xa0
   \   union <unnamed> volatile __sfr _A_P2
   \                     _A_P2:
   \   000000                DS 1

   \                                 In  segment SFR_AN, at 0xa8
   \   union <unnamed> volatile __sfr _A_IEN0
   \                     _A_IEN0:
   \   000000                DS 1

   \                                 In  segment SFR_AN, at 0xab
   \   unsigned char volatile __sfr P0IEN
   \                     P0IEN:
   \   000000                DS 1

   \                                 In  segment SFR_AN, at 0xac
   \   unsigned char volatile __sfr P2IEN
   \                     P2IEN:
   \   000000                DS 1

   \                                 In  segment SFR_AN, at 0xb8
   \   union <unnamed> volatile __sfr _A_IEN1
   \                     _A_IEN1:
   \   000000                DS 1

   \                                 In  segment SFR_AN, at 0xc0
   \   union <unnamed> volatile __sfr _A_IRCON
   \                     _A_IRCON:
   \   000000                DS 1

   \                                 In  segment SFR_AN, at 0xe8
   \   union <unnamed> volatile __sfr _A_IRCON2
   \                     _A_IRCON2:
   \   000000                DS 1

   \                                 In  segment SFR_AN, at 0xf3
   \   unsigned char volatile __sfr P0SEL
   \                     P0SEL:
   \   000000                DS 1

   \                                 In  segment SFR_AN, at 0xf5
   \   unsigned char volatile __sfr P2SEL
   \                     P2SEL:
   \   000000                DS 1

   \                                 In  segment SFR_AN, at 0xff
   \   unsigned char volatile __sfr P2DIR
   \                     P2DIR:
   \   000000                DS 1
     84          #include "hal_defs.h"
     85          #include "hal_types.h"
     86          #include "hal_board.h"
     87          #include "hal_drivers.h"
     88          #include "hal_adc.h"
     89          #include "hal_key.h"
     90          #include "osal.h"
     91          
     92          #if (defined HAL_KEY) && (HAL_KEY == TRUE)
     93          
     94          /**************************************************************************************************
     95           *                                              MACROS
     96           **************************************************************************************************/
     97          
     98          /**************************************************************************************************
     99           *                                            CONSTANTS
    100           **************************************************************************************************/
    101          #define HAL_KEY_RISING_EDGE   0
    102          #define HAL_KEY_FALLING_EDGE  1
    103          
    104          #define HAL_KEY_DEBOUNCE_VALUE  25
    105          
    106          /* CPU port interrupt */
    107          #define HAL_KEY_CPU_PORT_0_IF P0IF
    108          #define HAL_KEY_CPU_PORT_2_IF P2IF
    109          
    110          /* SW_6 is at P0.1 */
    111          #define HAL_KEY_SW_6_PORT   P0
    112          #define HAL_KEY_SW_6_BIT    BV(1)
    113          #define HAL_KEY_SW_6_SEL    P0SEL
    114          #define HAL_KEY_SW_6_DIR    P0DIR
    115          
    116          /* edge interrupt */
    117          #define HAL_KEY_SW_6_EDGEBIT  BV(0)
    118          #define HAL_KEY_SW_6_EDGE     HAL_KEY_FALLING_EDGE
    119          
    120          
    121          /* SW_6 interrupts */
    122          #define HAL_KEY_SW_6_IEN      IEN1  /* CPU interrupt mask register */
    123          #define HAL_KEY_SW_6_IENBIT   BV(5) /* Mask bit for all of Port_0 */
    124          #define HAL_KEY_SW_6_ICTL     P0IEN /* Port Interrupt Control register */
    125          #define HAL_KEY_SW_6_ICTLBIT  BV(1) /* P0IEN - P0.1 enable/disable bit */
    126          #define HAL_KEY_SW_6_PXIFG    P0IFG /* Interrupt flag at source */
    127          
    128          /* Joy stick move at P2.0 */
    129          #define HAL_KEY_JOY_MOVE_PORT   P2
    130          #define HAL_KEY_JOY_MOVE_BIT    BV(0)
    131          #define HAL_KEY_JOY_MOVE_SEL    P2SEL
    132          #define HAL_KEY_JOY_MOVE_DIR    P2DIR
    133          
    134          /* edge interrupt */
    135          #define HAL_KEY_JOY_MOVE_EDGEBIT  BV(3)
    136          #define HAL_KEY_JOY_MOVE_EDGE     HAL_KEY_FALLING_EDGE
    137          
    138          /* Joy move interrupts */
    139          #define HAL_KEY_JOY_MOVE_IEN      IEN2  /* CPU interrupt mask register */
    140          #define HAL_KEY_JOY_MOVE_IENBIT   BV(1) /* Mask bit for all of Port_2 */
    141          #define HAL_KEY_JOY_MOVE_ICTL     P2IEN /* Port Interrupt Control register */
    142          #define HAL_KEY_JOY_MOVE_ICTLBIT  BV(0) /* P2IENL - P2.0<->P2.3 enable/disable bit */
    143          #define HAL_KEY_JOY_MOVE_PXIFG    P2IFG /* Interrupt flag at source */
    144          
    145          #define HAL_KEY_JOY_CHN   HAL_ADC_CHANNEL_6
    146          
    147          
    148          /**************************************************************************************************
    149           *                                            TYPEDEFS
    150           **************************************************************************************************/
    151          
    152          
    153          /**************************************************************************************************
    154           *                                        GLOBAL VARIABLES
    155           **************************************************************************************************/

   \                                 In  segment XDATA_Z, align 1, keep-with-next
    156          static uint8 halKeySavedKeys;     /* used to store previous key state in polling mode */
   \                     halKeySavedKeys:
   \   000000                DS 1
   \   000001                REQUIRE __INIT_XDATA_Z

   \                                 In  segment XDATA_Z, align 1, keep-with-next
    157          static halKeyCBack_t pHalKeyProcessFunction;
   \                     pHalKeyProcessFunction:
   \   000000                DS 2
   \   000002                REQUIRE __INIT_XDATA_Z

   \                                 In  segment XDATA_Z, align 1, keep-with-next
    158          static uint8 HalKeyConfigured;
   \                     HalKeyConfigured:
   \   000000                DS 1
   \   000001                REQUIRE __INIT_XDATA_Z

   \                                 In  segment XDATA_Z, align 1, keep-with-next
    159          bool Hal_KeyIntEnable;            /* interrupt enable/disable flag */
   \                     Hal_KeyIntEnable:
   \   000000                DS 1
   \   000001                REQUIRE __INIT_XDATA_Z
    160          
    161          /**************************************************************************************************
    162           *                                        FUNCTIONS - Local
    163           **************************************************************************************************/
    164          void halProcessKeyInterrupt(void);
    165          uint8 halGetJoyKeyInput(void);
    166          
    167          
    168          
    169          /**************************************************************************************************
    170           *                                        FUNCTIONS - API
    171           **************************************************************************************************/
    172          
    173          
    174          /**************************************************************************************************
    175           * @fn      HalKeyInit
    176           *
    177           * @brief   Initilize Key Service
    178           *
    179           * @param   none
    180           *
    181           * @return  None
    182           **************************************************************************************************/

   \                                 In  segment BANKED_CODE, align 1, keep-with-next
    183          void HalKeyInit( void )
   \                     HalKeyInit:
    184          {
   \   000000   C082         PUSH      DPL
   \   000002   C083         PUSH      DPH
   \   000004                ; Saved register size: 2
   \   000004                ; Auto size: 0
    185            /* Initialize previous key to 0 */
    186            halKeySavedKeys = 0;
   \   000004   90....       MOV       DPTR,#halKeySavedKeys
   \   000007   E4           CLR       A
   \   000008   F0           MOVX      @DPTR,A
    187          
    188            HAL_KEY_SW_6_SEL &= ~(HAL_KEY_SW_6_BIT);    /* Set pin function to GPIO */
   \   000009   53F3FD       ANL       0xf3,#0xfd
    189          
    190          #if ! defined ENABLE_LED4_DISABLE_S1
    191            HAL_KEY_SW_6_DIR &= ~(HAL_KEY_SW_6_BIT);    /* Set pin direction to Input */
    192          #endif
    193          
    194            HAL_KEY_JOY_MOVE_SEL &= ~(HAL_KEY_JOY_MOVE_BIT); /* Set pin function to GPIO */
   \   00000C   53F5FE       ANL       0xf5,#0xfe
    195            HAL_KEY_JOY_MOVE_DIR &= ~(HAL_KEY_JOY_MOVE_BIT); /* Set pin direction to Input */
   \   00000F   53FFFE       ANL       0xff,#0xfe
    196          
    197          
    198            /* Initialize callback function */
    199            pHalKeyProcessFunction  = NULL;
   \   000012   90....       MOV       DPTR,#pHalKeyProcessFunction
   \   000015   F0           MOVX      @DPTR,A
   \   000016   A3           INC       DPTR
   \   000017   F0           MOVX      @DPTR,A
    200          
    201            /* Start with key is not configured */
    202            HalKeyConfigured = FALSE;
   \   000018   90....       MOV       DPTR,#HalKeyConfigured
   \   00001B   F0           MOVX      @DPTR,A
    203          }
   \   00001C   02....       LJMP      ?Subroutine0 & 0xFFFF
   \   00001F                REQUIRE P0SEL
   \   00001F                REQUIRE P2SEL
   \   00001F                REQUIRE P2DIR

   \                                 In  segment BANKED_CODE, align 1, keep-with-next
   \                     ?Subroutine0:
   \   000000   D083         POP       DPH
   \   000002   D082         POP       DPL
   \   000004   02....       LJMP      ?BRET
    204          
    205          
    206          /**************************************************************************************************
    207           * @fn      HalKeyConfig
    208           *
    209           * @brief   Configure the Key serivce
    210           *
    211           * @param   interruptEnable - TRUE/FALSE, enable/disable interrupt
    212           *          cback - pointer to the CallBack function
    213           *
    214           * @return  None
    215           **************************************************************************************************/

   \                                 In  segment BANKED_CODE, align 1, keep-with-next
    216          void HalKeyConfig (bool interruptEnable, halKeyCBack_t cback)
   \                     HalKeyConfig:
    217          {
   \   000000   74F7         MOV       A,#-0x9
   \   000002   12....       LCALL     ?BANKED_ENTER_XDATA
   \   000005                ; Saved register size: 9
   \   000005                ; Auto size: 0
   \   000005   E9           MOV       A,R1
    218            /* Enable/Disable Interrupt or */
    219            Hal_KeyIntEnable = interruptEnable;
   \   000006   90....       MOV       DPTR,#Hal_KeyIntEnable
   \   000009   F0           MOVX      @DPTR,A
    220          
    221            /* Register the callback fucntion */
    222            pHalKeyProcessFunction = cback;
   \   00000A   90....       MOV       DPTR,#pHalKeyProcessFunction
   \   00000D   EA           MOV       A,R2
   \   00000E   F0           MOVX      @DPTR,A
   \   00000F   A3           INC       DPTR
   \   000010   EB           MOV       A,R3
   \   000011   F0           MOVX      @DPTR,A
    223          
    224            /* Determine if interrupt is enable or not */
    225            if (Hal_KeyIntEnable)
   \   000012   90....       MOV       DPTR,#Hal_KeyIntEnable
   \   000015   E0           MOVX      A,@DPTR
   \   000016   6033         JZ        ??HalKeyConfig_0
    226            {
    227              /* Rising/Falling edge configuratinn */
    228          
    229              PICTL &= ~(HAL_KEY_SW_6_EDGEBIT);    /* Clear the edge bit */
   \   000018   538CFE       ANL       0x8c,#0xfe
    230              /* For falling edge, the bit must be set. */
    231            #if (HAL_KEY_SW_6_EDGE == HAL_KEY_FALLING_EDGE)
    232              PICTL |= HAL_KEY_SW_6_EDGEBIT;
   \   00001B   438C01       ORL       0x8c,#0x1
    233            #endif
    234          
    235          
    236              /* Interrupt configuration:
    237               * - Enable interrupt generation at the port
    238               * - Enable CPU interrupt
    239               * - Clear any pending interrupt
    240               */
    241              HAL_KEY_SW_6_ICTL |= HAL_KEY_SW_6_ICTLBIT;
   \   00001E   43AB02       ORL       0xab,#0x2
    242              HAL_KEY_SW_6_IEN |= HAL_KEY_SW_6_IENBIT;
   \   000021   D2BD         SETB      0xb8.5
    243              HAL_KEY_SW_6_PXIFG = ~(HAL_KEY_SW_6_BIT);
   \   000023   7589FD       MOV       0x89,#-0x3
    244          
    245          
    246          
    247              /* Rising/Falling edge configuratinn */
    248          
    249              HAL_KEY_JOY_MOVE_ICTL &= ~(HAL_KEY_JOY_MOVE_EDGEBIT);    /* Clear the edge bit */
   \   000026   53ACF7       ANL       0xac,#0xf7
    250              /* For falling edge, the bit must be set. */
    251            #if (HAL_KEY_JOY_MOVE_EDGE == HAL_KEY_FALLING_EDGE)
    252              HAL_KEY_JOY_MOVE_ICTL |= HAL_KEY_JOY_MOVE_EDGEBIT;
   \   000029   43AC08       ORL       0xac,#0x8
    253            #endif
    254          
    255          
    256              /* Interrupt configuration:
    257               * - Enable interrupt generation at the port
    258               * - Enable CPU interrupt
    259               * - Clear any pending interrupt
    260               */
    261              HAL_KEY_JOY_MOVE_ICTL |= HAL_KEY_JOY_MOVE_ICTLBIT;
   \   00002C   43AC01       ORL       0xac,#0x1
    262              HAL_KEY_JOY_MOVE_IEN |= HAL_KEY_JOY_MOVE_IENBIT;
   \   00002F   439A02       ORL       0x9a,#0x2
    263              HAL_KEY_JOY_MOVE_PXIFG = ~(HAL_KEY_JOY_MOVE_BIT);
   \   000032   758BFE       MOV       0x8b,#-0x2
    264          
    265          
    266              /* Do this only after the hal_key is configured - to work with sleep stuff */
    267              if (HalKeyConfigured == TRUE)
   \   000035   90....       MOV       DPTR,#HalKeyConfigured
   \   000038   E0           MOVX      A,@DPTR
   \   000039   6401         XRL       A,#0x1
   \   00003B   701F         JNZ       ??HalKeyConfig_1
    268              {
    269                osal_stop_timerEx(Hal_TaskID, HAL_KEY_EVENT);  /* Cancel polling if active */
   \   00003D                ; Setup parameters for call to function osal_stop_timerEx
   \   00003D   7A10         MOV       R2,#0x10
   \   00003F   7B00         MOV       R3,#0x0
   \   000041   90....       MOV       DPTR,#Hal_TaskID
   \   000044   E0           MOVX      A,@DPTR
   \   000045   F9           MOV       R1,A
   \   000046   12....       LCALL     `??osal_stop_timerEx::?relay`; Banked call to: osal_stop_timerEx
   \   000049   8011         SJMP      ??HalKeyConfig_1
    270              }
    271            }
    272            else    /* Interrupts NOT enabled */
    273            {
    274              HAL_KEY_SW_6_ICTL &= ~(HAL_KEY_SW_6_ICTLBIT); /* don't generate interrupt */
   \                     ??HalKeyConfig_0:
   \   00004B   53ABFD       ANL       0xab,#0xfd
    275              HAL_KEY_SW_6_IEN &= ~(HAL_KEY_SW_6_IENBIT);   /* Clear interrupt enable bit */
   \   00004E   C2BD         CLR       0xb8.5
    276          
    277              osal_set_event(Hal_TaskID, HAL_KEY_EVENT);
   \   000050                ; Setup parameters for call to function osal_set_event
   \   000050   7A10         MOV       R2,#0x10
   \   000052   7B00         MOV       R3,#0x0
   \   000054   90....       MOV       DPTR,#Hal_TaskID
   \   000057   E0           MOVX      A,@DPTR
   \   000058   F9           MOV       R1,A
   \   000059   12....       LCALL     `??osal_set_event::?relay`; Banked call to: osal_set_event
    278            }
    279          
    280            /* Key now is configured */
    281            HalKeyConfigured = TRUE;
   \                     ??HalKeyConfig_1:
   \   00005C   90....       MOV       DPTR,#HalKeyConfigured
   \   00005F   7401         MOV       A,#0x1
   \   000061   F0           MOVX      @DPTR,A
    282          }
   \   000062   FF           MOV       R7,A
   \   000063   02....       LJMP      ?BANKED_LEAVE_XDATA
   \   000066                REQUIRE PICTL
   \   000066                REQUIRE P0IEN
   \   000066                REQUIRE _A_IEN1
   \   000066                REQUIRE P0IFG
   \   000066                REQUIRE P2IEN
   \   000066                REQUIRE IEN2
   \   000066                REQUIRE P2IFG
    283          
    284          
    285          /**************************************************************************************************
    286           * @fn      HalKeyRead
    287           *
    288           * @brief   Read the current value of a key
    289           *
    290           * @param   None
    291           *
    292           * @return  keys - current keys status
    293           **************************************************************************************************/

   \                                 In  segment BANKED_CODE, align 1, keep-with-next
    294          uint8 HalKeyRead ( void )
   \                     HalKeyRead:
    295          {
   \   000000   74F7         MOV       A,#-0x9
   \   000002   12....       LCALL     ?BANKED_ENTER_XDATA
   \   000005                ; Saved register size: 9
   \   000005                ; Auto size: 0
    296            uint8 keys = 0;
   \   000005   7E00         MOV       R6,#0x0
    297          
    298            if (HAL_PUSH_BUTTON1())
   \   000007   A284         MOV       C,0x80.4
   \   000009   5002         JNC       ??HalKeyRead_0
    299            {
    300              keys |= HAL_KEY_SW_6;
   \   00000B   7E20         MOV       R6,#0x20
    301            }
    302          
    303            if ((HAL_KEY_JOY_MOVE_PORT & HAL_KEY_JOY_MOVE_BIT))  /* Key is active low */
   \                     ??HalKeyRead_0:
   \   00000D   A2A0         MOV       C,0xa0.0
   \   00000F   5007         JNC       ??HalKeyRead_1
    304            {
    305              keys |= halGetJoyKeyInput();
   \   000011                ; Setup parameters for call to function halGetJoyKeyInput
   \   000011   12....       LCALL     `??halGetJoyKeyInput::?relay`; Banked call to: halGetJoyKeyInput
   \   000014   E9           MOV       A,R1
   \   000015   CE           XCH       A,R6
   \   000016   4E           ORL       A,R6
   \   000017   FE           MOV       R6,A
    306            }
    307          
    308            return keys;
   \                     ??HalKeyRead_1:
   \   000018                REQUIRE ?Subroutine1
   \   000018                REQUIRE _A_P0
   \   000018                REQUIRE _A_P2
   \   000018                ; // Fall through to label ?Subroutine1
    309          }

   \                                 In  segment BANKED_CODE, align 1, keep-with-next
   \                     ?Subroutine1:
   \   000000   EE           MOV       A,R6
   \   000001   F9           MOV       R1,A
   \   000002   7F01         MOV       R7,#0x1
   \   000004   02....       LJMP      ?BANKED_LEAVE_XDATA
    310          
    311          
    312          /**************************************************************************************************
    313           * @fn      HalKeyPoll
    314           *
    315           * @brief   Called by hal_driver to poll the keys
    316           *
    317           * @param   None
    318           *
    319           * @return  None
    320           **************************************************************************************************/

   \                                 In  segment BANKED_CODE, align 1, keep-with-next
    321          void HalKeyPoll (void)
   \                     HalKeyPoll:
    322          {
   \   000000   C082         PUSH      DPL
   \   000002   C083         PUSH      DPH
   \   000004                ; Saved register size: 2
   \   000004                ; Auto size: 0
    323            uint8 keys = 0;
   \   000004   7900         MOV       R1,#0x0
    324          
    325            if ((HAL_KEY_JOY_MOVE_PORT & HAL_KEY_JOY_MOVE_BIT))  /* Key is active HIGH */
   \   000006   A2A0         MOV       C,0xa0.0
   \   000008   5005         JNC       ??HalKeyPoll_0
    326            {
    327              keys = halGetJoyKeyInput();
   \   00000A                ; Setup parameters for call to function halGetJoyKeyInput
   \   00000A   12....       LCALL     `??halGetJoyKeyInput::?relay`; Banked call to: halGetJoyKeyInput
   \   00000D   E9           MOV       A,R1
   \   00000E   F9           MOV       R1,A
    328            }
    329          
    330            /* If interrupts are not enabled, previous key status and current key status
    331             * are compared to find out if a key has changed status.
    332             */
    333            if (!Hal_KeyIntEnable)
   \                     ??HalKeyPoll_0:
   \   00000F   90....       MOV       DPTR,#Hal_KeyIntEnable
   \   000012   E0           MOVX      A,@DPTR
   \   000013   7009         JNZ       ??HalKeyPoll_1
    334            {
    335              if (keys == halKeySavedKeys)
   \   000015   90....       MOV       DPTR,#halKeySavedKeys
   \   000018   E0           MOVX      A,@DPTR
   \   000019   69           XRL       A,R1
   \   00001A   6026         JZ        ??HalKeyPoll_2
    336              {
    337                /* Exit - since no keys have changed */
    338                return;
    339              }
    340              /* Store the current keys for comparation next time */
    341              halKeySavedKeys = keys;
   \   00001C   E9           MOV       A,R1
   \   00001D   F0           MOVX      @DPTR,A
    342            }
    343            else
    344            {
    345              /* Key interrupt handled here */
    346            }
    347          
    348            if (HAL_PUSH_BUTTON1())
   \                     ??HalKeyPoll_1:
   \   00001E   A284         MOV       C,0x80.4
   \   000020   5004         JNC       ??HalKeyPoll_3
    349            {
    350              keys |= HAL_KEY_SW_6;
   \   000022   E9           MOV       A,R1
   \   000023   D2E5         SETB      0xE0 /* A   */.5
   \   000025   F9           MOV       R1,A
    351            }
    352          
    353            /* Invoke Callback if new keys were depressed */
    354            if (pHalKeyProcessFunction
    355          #ifdef HAL_LEGACY_KEYS
    356              && keys //in legacy modes, only report key presses and do not report when a key is released
    357          #endif
    358              )
   \                     ??HalKeyPoll_3:
   \   000026   90....       MOV       DPTR,#pHalKeyProcessFunction
   \   000029   E0           MOVX      A,@DPTR
   \   00002A   FA           MOV       R2,A
   \   00002B   A3           INC       DPTR
   \   00002C   E0           MOVX      A,@DPTR
   \   00002D   FB           MOV       R3,A
   \   00002E   EA           MOV       A,R2
   \   00002F   4B           ORL       A,R3
   \   000030   6010         JZ        ??HalKeyPoll_2
    359            {
    360              (pHalKeyProcessFunction) (keys, HAL_KEY_STATE_NORMAL);
   \   000032                ; Setup parameters for indirect call
   \   000032   7A00         MOV       R2,#0x0
   \   000034   90....       MOV       DPTR,#pHalKeyProcessFunction
   \   000037   E0           MOVX      A,@DPTR
   \   000038   F8           MOV       R0,A
   \   000039   A3           INC       DPTR
   \   00003A   E0           MOVX      A,@DPTR
   \   00003B   F583         MOV       DPH,A
   \   00003D   8882         MOV       DPL,R0
   \   00003F   12....       LCALL     ?CALL_IND
    361            }
    362          }
   \                     ??HalKeyPoll_2:
   \   000042   02....       LJMP      ?Subroutine0 & 0xFFFF
   \   000045                REQUIRE _A_P2
   \   000045                REQUIRE _A_P0
    363          
    364          /**************************************************************************************************
    365           * @fn      halGetJoyKeyInput
    366           *
    367           * @brief   Map the ADC value to its corresponding key.
    368           *
    369           * @param   None
    370           *
    371           * @return  keys - current joy key status
    372           **************************************************************************************************/

   \                                 In  segment BANKED_CODE, align 1, keep-with-next
    373          uint8 halGetJoyKeyInput(void)
   \                     halGetJoyKeyInput:
    374          {
   \   000000   74F7         MOV       A,#-0x9
   \   000002   12....       LCALL     ?BANKED_ENTER_XDATA
   \   000005                ; Saved register size: 9
   \   000005                ; Auto size: 0
    375            /* The joystick control is encoded as an analog voltage.
    376             * Read the JOY_LEVEL analog value and map it to joy movement.
    377             */
    378            uint8 adc;
    379            uint8 ksave0 = 0;
   \   000005   7E00         MOV       R6,#0x0
    380            uint8 ksave1;
    381          
    382            /* Keep on reading the ADC until two consecutive key decisions are the same. */
    383            do
    384            {
    385              ksave1 = ksave0;    /* save previouse key reading */
   \                     ??halGetJoyKeyInput_0:
   \   000007   EE           MOV       A,R6
   \   000008   FF           MOV       R7,A
    386          
    387              adc = HalAdcRead (HAL_KEY_JOY_CHN, HAL_ADC_RESOLUTION_8);
   \   000009                ; Setup parameters for call to function HalAdcRead
   \   000009   7A01         MOV       R2,#0x1
   \   00000B   7906         MOV       R1,#0x6
   \   00000D   12....       LCALL     `??HalAdcRead::?relay`; Banked call to: HalAdcRead
   \   000010   EA           MOV       A,R2
   \   000011   F8           MOV       R0,A
    388          
    389              if ((adc >= 2) && (adc <= 38))
   \   000012   74FE         MOV       A,#-0x2
   \   000014   2A           ADD       A,R2
   \   000015   C3           CLR       C
   \   000016   9425         SUBB      A,#0x25
   \   000018   5005         JNC       ??halGetJoyKeyInput_1
    390              {
    391                 ksave0 |= HAL_KEY_UP;
   \   00001A   EE           MOV       A,R6
   \   00001B   D2E0         SETB      0xE0 /* A   */.0
   \   00001D   8032         SJMP      ??halGetJoyKeyInput_2
    392              }
    393              else if ((adc >= 74) && (adc <= 88))
   \                     ??halGetJoyKeyInput_1:
   \   00001F   74B6         MOV       A,#-0x4a
   \   000021   2A           ADD       A,R2
   \   000022   C3           CLR       C
   \   000023   940F         SUBB      A,#0xf
   \   000025   5005         JNC       ??halGetJoyKeyInput_3
    394              {
    395                ksave0 |= HAL_KEY_RIGHT;
   \   000027   EE           MOV       A,R6
   \   000028   D2E1         SETB      0xE0 /* A   */.1
   \   00002A   8025         SJMP      ??halGetJoyKeyInput_2
    396              }
    397              else if ((adc >= 60) && (adc <= 73))
   \                     ??halGetJoyKeyInput_3:
   \   00002C   74C4         MOV       A,#-0x3c
   \   00002E   2A           ADD       A,R2
   \   00002F   C3           CLR       C
   \   000030   940E         SUBB      A,#0xe
   \   000032   5005         JNC       ??halGetJoyKeyInput_4
    398              {
    399                ksave0 |= HAL_KEY_LEFT;
   \   000034   EE           MOV       A,R6
   \   000035   D2E3         SETB      0xE0 /* A   */.3
   \   000037   8018         SJMP      ??halGetJoyKeyInput_2
    400              }
    401              else if ((adc >= 39) && (adc <= 59))
   \                     ??halGetJoyKeyInput_4:
   \   000039   74D9         MOV       A,#-0x27
   \   00003B   2A           ADD       A,R2
   \   00003C   C3           CLR       C
   \   00003D   9415         SUBB      A,#0x15
   \   00003F   5005         JNC       ??halGetJoyKeyInput_5
    402              {
    403                ksave0 |= HAL_KEY_DOWN;
   \   000041   EE           MOV       A,R6
   \   000042   D2E4         SETB      0xE0 /* A   */.4
   \   000044   800B         SJMP      ??halGetJoyKeyInput_2
    404              }
    405              else if ((adc >= 89) && (adc <= 100))
   \                     ??halGetJoyKeyInput_5:
   \   000046   74A7         MOV       A,#-0x59
   \   000048   2A           ADD       A,R2
   \   000049   C3           CLR       C
   \   00004A   940C         SUBB      A,#0xc
   \   00004C   5004         JNC       ??halGetJoyKeyInput_6
    406              {
    407                ksave0 |= HAL_KEY_CENTER;
   \   00004E   EE           MOV       A,R6
   \   00004F   D2E2         SETB      0xE0 /* A   */.2
   \                     ??halGetJoyKeyInput_2:
   \   000051   FE           MOV       R6,A
    408              }
    409            } while (ksave0 != ksave1);
   \                     ??halGetJoyKeyInput_6:
   \   000052   EF           MOV       A,R7
   \   000053   6E           XRL       A,R6
   \   000054   70B1         JNZ       ??halGetJoyKeyInput_0
    410          
    411            return ksave0;
   \   000056   02....       LJMP      ?Subroutine1 & 0xFFFF
    412          }
    413          
    414          
    415          
    416          
    417          
    418          /**************************************************************************************************
    419           * @fn      halProcessKeyInterrupt
    420           *
    421           * @brief   Checks to see if it's a valid key interrupt, saves interrupt driven key states for
    422           *          processing by HalKeyRead(), and debounces keys by scheduling HalKeyRead() 25ms later.
    423           *
    424           * @param
    425           *
    426           * @return
    427           **************************************************************************************************/

   \                                 In  segment BANKED_CODE, align 1, keep-with-next
    428          void halProcessKeyInterrupt (void)
   \                     halProcessKeyInterrupt:
    429          {
   \   000000   C082         PUSH      DPL
   \   000002   C083         PUSH      DPH
   \   000004                ; Saved register size: 2
   \   000004                ; Auto size: 0
    430            bool valid=FALSE;
   \   000004   7800         MOV       R0,#0x0
    431          
    432            if (HAL_KEY_SW_6_PXIFG & HAL_KEY_SW_6_BIT)  /* Interrupt Flag has been set */
   \   000006   E589         MOV       A,0x89
   \   000008   A2E1         MOV       C,0xE0 /* A   */.1
   \   00000A   5005         JNC       ??halProcessKeyInterrupt_0
    433            {
    434              HAL_KEY_SW_6_PXIFG = ~(HAL_KEY_SW_6_BIT); /* Clear Interrupt Flag */
   \   00000C   7589FD       MOV       0x89,#-0x3
    435              valid = TRUE;
   \   00000F   7801         MOV       R0,#0x1
    436            }
    437          
    438            if (HAL_KEY_JOY_MOVE_PXIFG & HAL_KEY_JOY_MOVE_BIT)  /* Interrupt Flag has been set */
   \                     ??halProcessKeyInterrupt_0:
   \   000011   E58B         MOV       A,0x8b
   \   000013   A2E0         MOV       C,0xE0 /* A   */.0
   \   000015   5005         JNC       ??halProcessKeyInterrupt_1
    439            {
    440              HAL_KEY_JOY_MOVE_PXIFG = ~(HAL_KEY_JOY_MOVE_BIT); /* Clear Interrupt Flag */
   \   000017   758BFE       MOV       0x8b,#-0x2
    441              valid = TRUE;
   \   00001A   8005         SJMP      ??halProcessKeyInterrupt_2
    442            }
    443          
    444            if (valid)
   \                     ??halProcessKeyInterrupt_1:
   \   00001C   E8           MOV       A,R0
   \   00001D   A2E0         MOV       C,0xE0 /* A   */.0
   \   00001F   5017         JNC       ??halProcessKeyInterrupt_3
    445            {
    446              osal_start_timerEx (Hal_TaskID, HAL_KEY_EVENT, HAL_KEY_DEBOUNCE_VALUE);
   \                     ??halProcessKeyInterrupt_2:
   \   000021                ; Setup parameters for call to function osal_start_timerEx
   \   000021   90....       MOV       DPTR,#__Constant_19
   \   000024   12....       LCALL     ?PUSH_XSTACK8_X_FOUR
   \   000027   7A10         MOV       R2,#0x10
   \   000029   7B00         MOV       R3,#0x0
   \   00002B   90....       MOV       DPTR,#Hal_TaskID
   \   00002E   E0           MOVX      A,@DPTR
   \   00002F   F9           MOV       R1,A
   \   000030   12....       LCALL     `??osal_start_timerEx::?relay`; Banked call to: osal_start_timerEx
   \   000033   7404         MOV       A,#0x4
   \   000035   12....       LCALL     ?DEALLOC_XSTACK8
    447            }
    448          }
   \                     ??halProcessKeyInterrupt_3:
   \   000038                REQUIRE ?Subroutine0
   \   000038                REQUIRE P0IFG
   \   000038                REQUIRE P2IFG
   \   000038                ; // Fall through to label ?Subroutine0
    449          
    450          /**************************************************************************************************
    451           * @fn      HalKeyEnterSleep
    452           *
    453           * @brief  - Get called to enter sleep mode
    454           *
    455           * @param
    456           *
    457           * @return
    458           **************************************************************************************************/

   \                                 In  segment BANKED_CODE, align 1, keep-with-next
    459          void HalKeyEnterSleep ( void )
   \                     HalKeyEnterSleep:
    460          {
   \   000000                ; Saved register size: 0
   \   000000                ; Auto size: 0
    461          }
   \   000000   02....       LJMP      ?BRET
    462          
    463          /**************************************************************************************************
    464           * @fn      HalKeyExitSleep
    465           *
    466           * @brief   - Get called when sleep is over
    467           *
    468           * @param
    469           *
    470           * @return  - return saved keys
    471           **************************************************************************************************/

   \                                 In  segment BANKED_CODE, align 1, keep-with-next
    472          uint8 HalKeyExitSleep ( void )
   \                     HalKeyExitSleep:
    473          {
   \   000000   C082         PUSH      DPL
   \   000002   C083         PUSH      DPH
   \   000004                ; Saved register size: 2
   \   000004                ; Auto size: 0
    474            /* Wake up and read keys */
    475            return ( HalKeyRead () );
   \   000004                ; Setup parameters for call to function HalKeyRead
   \   000004   12....       LCALL     `??HalKeyRead::?relay`; Banked call to: HalKeyRead
   \   000007   80..         SJMP      ?Subroutine0
    476          }
    477          
    478          /***************************************************************************************************
    479           *                                    INTERRUPT SERVICE ROUTINE
    480           ***************************************************************************************************/
    481          
    482          /**************************************************************************************************
    483           * @fn      halKeyPort0Isr
    484           *
    485           * @brief   Port0 ISR
    486           *
    487           * @param
    488           *
    489           * @return
    490           **************************************************************************************************/

   \                                 In  segment NEAR_CODE, align 1, keep-with-next
    491          HAL_ISR_FUNCTION( halKeyPort0Isr, P0INT_VECTOR )
   \                     halKeyPort0Isr:
    492          {
   \   000000   C0E0         PUSH      A
   \   000002   74F2         MOV       A,#-0xe
   \   000004   12....       LCALL     ?INTERRUPT_ENTER_XSP
   \   000007                ; Saved register size: 14
   \   000007                ; Auto size: 0
    493            HAL_ENTER_ISR();
   \   000007   A2AF         MOV       C,0xa8.7
   \   000009   E4           CLR       A
   \   00000A   33           RLC       A
   \   00000B   FE           MOV       R6,A
   \   00000C   D2AF         SETB      0xa8.7
    494          
    495            if (HAL_KEY_SW_6_PXIFG & HAL_KEY_SW_6_BIT)
   \   00000E   E589         MOV       A,0x89
   \   000010   A2E1         MOV       C,0xE0 /* A   */.1
   \   000012   5003         JNC       ??halKeyPort0Isr_0
    496            {
    497              halProcessKeyInterrupt();
   \   000014                ; Setup parameters for call to function halProcessKeyInterrupt
   \   000014   12....       LCALL     `??halProcessKeyInterrupt::?relay`; Banked call to: halProcessKeyInterrupt
    498            }
    499          
    500            /*
    501              Clear the CPU interrupt flag for Port_0
    502              PxIFG has to be cleared before PxIF
    503            */
    504            HAL_KEY_SW_6_PXIFG = 0;
   \                     ??halKeyPort0Isr_0:
   \   000017   758900       MOV       0x89,#0x0
    505            HAL_KEY_CPU_PORT_0_IF = 0;
   \   00001A   C2C5         CLR       0xc0.5
    506            
    507            CLEAR_SLEEP_MODE();
    508            HAL_EXIT_ISR();
   \   00001C                REQUIRE ?Subroutine2
   \   00001C                REQUIRE _A_IEN0
   \   00001C                REQUIRE P0IFG
   \   00001C                REQUIRE _A_IRCON
   \   00001C                ; // Fall through to label ?Subroutine2
    509          }

   \                                 In  segment NEAR_CODE, align 1, keep-with-next
   \                     ?Subroutine2:
   \   000000   EE           MOV       A,R6
   \   000001   A2E0         MOV       C,0xE0 /* A   */.0
   \   000003   92AF         MOV       0xa8.7,C
   \   000005   7F01         MOV       R7,#0x1
   \   000007   02....       LJMP      ?INTERRUPT_LEAVE_XSP
    510          
    511          
    512          /**************************************************************************************************
    513           * @fn      halKeyPort2Isr
    514           *
    515           * @brief   Port2 ISR
    516           *
    517           * @param
    518           *
    519           * @return
    520           **************************************************************************************************/

   \                                 In  segment NEAR_CODE, align 1, keep-with-next
    521          HAL_ISR_FUNCTION( halKeyPort2Isr, P2INT_VECTOR )
   \                     halKeyPort2Isr:
    522          {
   \   000000   C0E0         PUSH      A
   \   000002   74F2         MOV       A,#-0xe
   \   000004   12....       LCALL     ?INTERRUPT_ENTER_XSP
   \   000007                ; Saved register size: 14
   \   000007                ; Auto size: 0
    523            HAL_ENTER_ISR();
   \   000007   A2AF         MOV       C,0xa8.7
   \   000009   E4           CLR       A
   \   00000A   33           RLC       A
   \   00000B   FE           MOV       R6,A
   \   00000C   D2AF         SETB      0xa8.7
    524            
    525            if (HAL_KEY_JOY_MOVE_PXIFG & HAL_KEY_JOY_MOVE_BIT)
   \   00000E   E58B         MOV       A,0x8b
   \   000010   A2E0         MOV       C,0xE0 /* A   */.0
   \   000012   5003         JNC       ??halKeyPort2Isr_0
    526            {
    527              halProcessKeyInterrupt();
   \   000014                ; Setup parameters for call to function halProcessKeyInterrupt
   \   000014   12....       LCALL     `??halProcessKeyInterrupt::?relay`; Banked call to: halProcessKeyInterrupt
    528            }
    529          
    530            /*
    531              Clear the CPU interrupt flag for Port_2
    532              PxIFG has to be cleared before PxIF
    533              Notes: P2_1 and P2_2 are debug lines.
    534            */
    535            HAL_KEY_JOY_MOVE_PXIFG = 0;
   \                     ??halKeyPort2Isr_0:
   \   000017   758B00       MOV       0x8b,#0x0
    536            HAL_KEY_CPU_PORT_2_IF = 0;
   \   00001A   C2E8         CLR       0xe8.0
    537          
    538            CLEAR_SLEEP_MODE();
    539            HAL_EXIT_ISR();
   \   00001C   80..         SJMP      ?Subroutine2
   \   00001E                REQUIRE _A_IEN0
   \   00001E                REQUIRE P2IFG
   \   00001E                REQUIRE _A_IRCON2
    540          }

   \                                 In  segment INTVEC, offset 0x33, root
   \                     `??halKeyPort2Isr::??INTVEC 51`:
   \   000033   02....       LJMP       (halKeyPort2Isr)

   \                                 In  segment INTVEC, offset 0x6b, root
   \                     `??halKeyPort0Isr::??INTVEC 107`:
   \   00006B   02....       LJMP       (halKeyPort0Isr)

   \                                 In  segment XDATA_ROM_C, align 1
   \                     __Constant_19:
   \   000000   19000000     DD 25
    541          
    542          #else
    543          
    544          
    545          void HalKeyInit(void){}
    546          void HalKeyConfig(bool interruptEnable, halKeyCBack_t cback){}
    547          uint8 HalKeyRead(void){ return 0;}
    548          void HalKeyPoll(void){}
    549          
    550          #endif /* HAL_KEY */
    551          
    552          
    553          
    554          
    555          
    556          /**************************************************************************************************
    557          **************************************************************************************************/
    558          
    559          
    560          

   Maximum stack usage in bytes:

   ISTACK XSTACK Function
   ------ ------ --------
      0      9   HalKeyConfig
        0      9   -> osal_set_event
        0      9   -> osal_stop_timerEx
      0      0   HalKeyEnterSleep
      2      0   HalKeyExitSleep
        2      0   -> HalKeyRead
      2      0   HalKeyInit
      2      0   HalKeyPoll
        2      0   -> halGetJoyKeyInput
      0      9   HalKeyRead
        0      9   -> halGetJoyKeyInput
      0     18   halGetJoyKeyInput
        0      9   -> HalAdcRead
      0     14   halKeyPort0Isr
        0     14   -> halProcessKeyInterrupt
      0     14   halKeyPort2Isr
        0     14   -> halProcessKeyInterrupt
      2     18   halProcessKeyInterrupt
        2      4   -> osal_start_timerEx


   Segment part sizes:

   Bytes  Function/Label
   -----  --------------
       7  ?Subroutine0
       7  ?Subroutine1
      10  ?Subroutine2
     102  HalKeyConfig
       1  HalKeyConfigured
       3  HalKeyEnterSleep
       9  HalKeyExitSleep
      31  HalKeyInit
      69  HalKeyPoll
      24  HalKeyRead
       1  Hal_KeyIntEnable
       1  IEN2
       1  P0IEN
       1  P0IFG
       1  P0SEL
       1  P2DIR
       1  P2IEN
       1  P2IFG
       1  P2SEL
       1  PICTL
       1  _A_IEN0
       1  _A_IEN1
       1  _A_IRCON
       1  _A_IRCON2
       1  _A_P0
       1  _A_P2
       4  __Constant_19
      89  halGetJoyKeyInput
      28  halKeyPort0Isr
       3  halKeyPort0Isr::??INTVEC 107
      30  halKeyPort2Isr
       3  halKeyPort2Isr::??INTVEC 51
       1  halKeySavedKeys
      56  halProcessKeyInterrupt
       2  pHalKeyProcessFunction
      48  -- Other

 
 397 bytes in segment BANKED_CODE
  48 bytes in segment BANK_RELAYS
   6 bytes in segment INTVEC
  68 bytes in segment NEAR_CODE
  15 bytes in segment SFR_AN
   4 bytes in segment XDATA_ROM_C
   5 bytes in segment XDATA_Z
 
 116 bytes of CODE     memory (+  6 bytes shared)
   0 bytes of CONST    memory (+  4 bytes shared)
   0 bytes of DATA     memory (+ 15 bytes shared)
 397 bytes of HUGECODE memory
   5 bytes of XDATA    memory

Errors: none
Warnings: none
